Assembler report for hw4p6
Wed Mar 27 15:07:21 2024
Quartus Prime Version 21.1.1 Build 850 06/23/2022 SJ Lite Edition


---------------------
; Table of Contents ;
---------------------
  1. Legal Notice
  2. Assembler Summary
  3. Assembler Settings
  4. Assembler Generated Files
  5. Assembler Device Options: C:/ECE3140_DSD/Tate_Finley_Hw4 Original/Problem_6/output_files/hw4p6.sof
  6. Assembler Messages



----------------
; Legal Notice ;
----------------
Copyright (C) 2022  Intel Corporation. All rights reserved.
Your use of Intel Corporation's design tools, logic functions 
and other software and tools, and any partner logic 
functions, and any output files from any of the foregoing 
(including device programming or simulation files), and any 
associated documentation or information are expressly subject 
to the terms and conditions of the Intel Program License 
Subscription Agreement, the Intel Quartus Prime License Agreement,
the Intel FPGA IP License Agreement, or other applicable license
agreement, including, without limitation, that your use is for
the sole purpose of programming logic devices manufactured by
Intel and sold by Intel or its authorized distributors.  Please
refer to the applicable agreement for further details, at
https://fpgasoftware.intel.com/eula.



+---------------------------------------------------------------+
; Assembler Summary                                             ;
+-----------------------+---------------------------------------+
; Assembler Status      ; Successful - Wed Mar 27 15:07:21 2024 ;
; Revision Name         ; hw4p6                                 ;
; Top-level Entity Name ; hw4p6                                 ;
; Family                ; MAX 10                                ;
; Device                ; 10M50DAF484C7G                        ;
+-----------------------+---------------------------------------+


+----------------------------------+
; Assembler Settings               ;
+--------+---------+---------------+
; Option ; Setting ; Default Value ;
+--------+---------+---------------+


+--------------------------------------------------------------------------+
; Assembler Generated Files                                                ;
+--------------------------------------------------------------------------+
; File Name                                                                ;
+--------------------------------------------------------------------------+
; C:/ECE3140_DSD/Tate_Finley_Hw4 Original/Problem_6/output_files/hw4p6.sof ;
+--------------------------------------------------------------------------+


+----------------------------------------------------------------------------------------------------+
; Assembler Device Options: C:/ECE3140_DSD/Tate_Finley_Hw4 Original/Problem_6/output_files/hw4p6.sof ;
+----------------+-----------------------------------------------------------------------------------+
; Option         ; Setting                                                                           ;
+----------------+-----------------------------------------------------------------------------------+
; JTAG usercode  ; 0x00280B33                                                                        ;
; Checksum       ; 0x00280B33                                                                        ;
+----------------+-----------------------------------------------------------------------------------+


+--------------------+
; Assembler Messages ;
+--------------------+
Info: *******************************************************************
Info: Running Quartus Prime Assembler
    Info: Version 21.1.1 Build 850 06/23/2022 SJ Lite Edition
    Info: Processing started: Wed Mar 27 15:07:19 2024
Info: Command: quartus_asm --read_settings_files=off --write_settings_files=off hw4p6 -c hw4p6
Warning (18236): Number of processors has not been specified which may cause overloading on shared machines.  Set the global assignment NUM_PARALLEL_PROCESSORS in your QSF to an appropriate value for best performance.
Info (115031): Writing out detailed assembly data for power analysis
Info (115030): Assembler is generating device programming files
Info: Quartus Prime Assembler was successful. 0 errors, 1 warning
    Info: Peak virtual memory: 4733 megabytes
    Info: Processing ended: Wed Mar 27 15:07:21 2024
    Info: Elapsed time: 00:00:02
    Info: Total CPU time (on all processors): 00:00:02


