The target system is: PICO -  - cortex-m33
The host system is: Linux - 5.15.167.4-microsoft-standard-WSL2 - x86_64
Compiling the C compiler identification source file "CMakeCCompilerId.c" succeeded.
Compiler: /usr/local/share/arm-gnu-toolchain-13.3.rel1-x86_64-arm-none-eabi/bin/arm-none-eabi-gcc 
Build flags: ;-mcpu=cortex-m33;-mthumb;-march=armv8-m.main+fp+dsp;-mfloat-abi=softfp;-mcmse
Id flags: -c 

The output was:
0


Compilation of the C compiler identification source "CMakeCCompilerId.c" produced "CMakeCCompilerId.o"

The C compiler identification is GNU, found in "/home/totz45/labs/m4/DS3231/build/CMakeFiles/3.22.1/CompilerIdC/CMakeCCompilerId.o"

Compiling the CXX compiler identification source file "CMakeCXXCompilerId.cpp" succeeded.
Compiler: /usr/local/share/arm-gnu-toolchain-13.3.rel1-x86_64-arm-none-eabi/bin/arm-none-eabi-g++ 
Build flags: ;-mcpu=cortex-m33;-mthumb;-march=armv8-m.main+fp+dsp;-mfloat-abi=softfp;-mcmse
Id flags: -c 

The output was:
0


Compilation of the CXX compiler identification source "CMakeCXXCompilerId.cpp" produced "CMakeCXXCompilerId.o"

The CXX compiler identification is GNU, found in "/home/totz45/labs/m4/DS3231/build/CMakeFiles/3.22.1/CompilerIdCXX/CMakeCXXCompilerId.o"

Detecting C compiler ABI info compiled with the following output:
Change Dir: /home/totz45/labs/m4/DS3231/build/CMakeFiles/CMakeTmp

Run Build Command(s):/usr/bin/gmake -f Makefile cmTC_28e86/fast && /usr/bin/gmake  -f CMakeFiles/cmTC_28e86.dir/build.make CMakeFiles/cmTC_28e86.dir/build
gmake[1]: Entering directory '/home/totz45/labs/m4/DS3231/build/CMakeFiles/CMakeTmp'
Building C object CMakeFiles/cmTC_28e86.dir/CMakeCCompilerABI.c.obj
/usr/local/share/arm-gnu-toolchain-13.3.rel1-x86_64-arm-none-eabi/bin/arm-none-eabi-gcc   -mcpu=cortex-m33 -mthumb -march=armv8-m.main+fp+dsp -mfloat-abi=softfp -mcmse    -v -o CMakeFiles/cmTC_28e86.dir/CMakeCCompilerABI.c.obj -c /usr/share/cmake-3.22/Modules/CMakeCCompilerABI.c
Using built-in specs.
COLLECT_GCC=/usr/local/share/arm-gnu-toolchain-13.3.rel1-x86_64-arm-none-eabi/bin/arm-none-eabi-gcc
Target: arm-none-eabi
Configured with: /data/jenkins/workspace/GNU-toolchain/arm-13/src/gcc/configure --target=arm-none-eabi --prefix=/data/jenkins/workspace/GNU-toolchain/arm-13/build-arm-none-eabi/install --with-gmp=/data/jenkins/workspace/GNU-toolchain/arm-13/build-arm-none-eabi/host-tools --with-mpfr=/data/jenkins/workspace/GNU-toolchain/arm-13/build-arm-none-eabi/host-tools --with-mpc=/data/jenkins/workspace/GNU-toolchain/arm-13/build-arm-none-eabi/host-tools --with-isl=/data/jenkins/workspace/GNU-toolchain/arm-13/build-arm-none-eabi/host-tools --disable-shared --disable-nls --disable-threads --disable-tls --enable-checking=release --enable-languages=c,c++,fortran --with-newlib --with-gnu-as --with-headers=yes --with-gnu-ld --with-native-system-header-dir=/include --with-sysroot=/data/jenkins/workspace/GNU-toolchain/arm-13/build-arm-none-eabi/install/arm-none-eabi --with-multilib-list=aprofile,rmprofile --with-pkgversion='Arm GNU Toolchain 13.3.Rel1 (Build arm-13.24)' --with-bugurl=https://bugs.linaro.org/
Thread model: single
Supported LTO compression algorithms: zlib
gcc version 13.3.1 20240614 (Arm GNU Toolchain 13.3.Rel1 (Build arm-13.24)) 
COLLECT_GCC_OPTIONS='-mcpu=cortex-m33' '-mthumb'  '-mfloat-abi=softfp' '-mcmse' '-v' '-o' 'CMakeFiles/cmTC_28e86.dir/CMakeCCompilerABI.c.obj' '-c' '-mlibarch=armv8-m.main+dsp+fp' '-march=armv8-m.main+dsp+fp' '-dumpdir' 'CMakeFiles/cmTC_28e86.dir/'
 /usr/local/share/arm-gnu-toolchain-13.3.rel1-x86_64-arm-none-eabi/bin/../libexec/gcc/arm-none-eabi/13.3.1/cc1 -quiet -v -imultilib thumb/v8-m.main+fp/softfp -iprefix /usr/local/share/arm-gnu-toolchain-13.3.rel1-x86_64-arm-none-eabi/bin/../lib/gcc/arm-none-eabi/13.3.1/ -isysroot /usr/local/share/arm-gnu-toolchain-13.3.rel1-x86_64-arm-none-eabi/bin/../arm-none-eabi -D__USES_INITFINI__ /usr/share/cmake-3.22/Modules/CMakeCCompilerABI.c -quiet -dumpdir CMakeFiles/cmTC_28e86.dir/ -dumpbase CMakeCCompilerABI.c.c -dumpbase-ext .c -mcpu=cortex-m33 -mthumb -mfloat-abi=softfp -mcmse -mlibarch=armv8-m.main+dsp+fp -march=armv8-m.main+dsp+fp -version -o /tmp/ccNApg1j.s
GNU C17 (Arm GNU Toolchain 13.3.Rel1 (Build arm-13.24)) version 13.3.1 20240614 (arm-none-eabi)
	compiled by GNU C version 4.8.5 20150623 (Red Hat 4.8.5-44), GMP version 6.2.1, MPFR version 3.1.6, MPC version 1.0.3, isl version isl-0.15-1-g835ea3a-GMP

GGC heuristics: --param ggc-min-expand=100 --param ggc-min-heapsize=131072
ignoring duplicate directory "/usr/local/share/arm-gnu-toolchain-13.3.rel1-x86_64-arm-none-eabi/bin/../lib/gcc/../../lib/gcc/arm-none-eabi/13.3.1/include"
ignoring nonexistent directory "/usr/local/share/arm-gnu-toolchain-13.3.rel1-x86_64-arm-none-eabi/bin/../arm-none-eabi/usr/local/include"
ignoring duplicate directory "/usr/local/share/arm-gnu-toolchain-13.3.rel1-x86_64-arm-none-eabi/bin/../lib/gcc/../../lib/gcc/arm-none-eabi/13.3.1/include-fixed"
ignoring duplicate directory "/usr/local/share/arm-gnu-toolchain-13.3.rel1-x86_64-arm-none-eabi/bin/../lib/gcc/../../lib/gcc/arm-none-eabi/13.3.1/../../../../arm-none-eabi/include"
ignoring duplicate directory "/usr/local/share/arm-gnu-toolchain-13.3.rel1-x86_64-arm-none-eabi/bin/../arm-none-eabi/include"
#include "..." search starts here:
#include <...> search starts here:
 /usr/local/share/arm-gnu-toolchain-13.3.rel1-x86_64-arm-none-eabi/bin/../lib/gcc/arm-none-eabi/13.3.1/include
 /usr/local/share/arm-gnu-toolchain-13.3.rel1-x86_64-arm-none-eabi/bin/../lib/gcc/arm-none-eabi/13.3.1/include-fixed
 /usr/local/share/arm-gnu-toolchain-13.3.rel1-x86_64-arm-none-eabi/bin/../lib/gcc/arm-none-eabi/13.3.1/../../../../arm-none-eabi/include
End of search list.
Compiler executable checksum: 9c2ae77c272b305506938e8b4c3643b8
COLLECT_GCC_OPTIONS='-mcpu=cortex-m33' '-mthumb'  '-mfloat-abi=softfp' '-mcmse' '-v' '-o' 'CMakeFiles/cmTC_28e86.dir/CMakeCCompilerABI.c.obj' '-c' '-mlibarch=armv8-m.main+dsp+fp' '-march=armv8-m.main+dsp+fp' '-dumpdir' 'CMakeFiles/cmTC_28e86.dir/'
 /usr/local/share/arm-gnu-toolchain-13.3.rel1-x86_64-arm-none-eabi/bin/../lib/gcc/arm-none-eabi/13.3.1/../../../../arm-none-eabi/bin/as -v -march=armv8-m.main+dsp+fp -mfloat-abi=softfp -meabi=5 -o CMakeFiles/cmTC_28e86.dir/CMakeCCompilerABI.c.obj /tmp/ccNApg1j.s
GNU assembler version 2.42.0 (arm-none-eabi) using BFD version (Arm GNU Toolchain 13.3.Rel1 (Build arm-13.24)) 2.42.0.20240614
COMPILER_PATH=/usr/local/share/arm-gnu-toolchain-13.3.rel1-x86_64-arm-none-eabi/bin/../libexec/gcc/arm-none-eabi/13.3.1/:/usr/local/share/arm-gnu-toolchain-13.3.rel1-x86_64-arm-none-eabi/bin/../libexec/gcc/:/usr/local/share/arm-gnu-toolchain-13.3.rel1-x86_64-arm-none-eabi/bin/../lib/gcc/arm-none-eabi/13.3.1/../../../../arm-none-eabi/bin/
LIBRARY_PATH=/usr/local/share/arm-gnu-toolchain-13.3.rel1-x86_64-arm-none-eabi/bin/../lib/gcc/arm-none-eabi/13.3.1/thumb/v8-m.main+fp/softfp/:/usr/local/share/arm-gnu-toolchain-13.3.rel1-x86_64-arm-none-eabi/bin/../lib/gcc/arm-none-eabi/13.3.1/../../../../arm-none-eabi/lib/thumb/v8-m.main+fp/softfp/:/usr/local/share/arm-gnu-toolchain-13.3.rel1-x86_64-arm-none-eabi/bin/../arm-none-eabi/lib/thumb/v8-m.main+fp/softfp/:/usr/local/share/arm-gnu-toolchain-13.3.rel1-x86_64-arm-none-eabi/bin/../lib/gcc/arm-none-eabi/13.3.1/:/usr/local/share/arm-gnu-toolchain-13.3.rel1-x86_64-arm-none-eabi/bin/../lib/gcc/:/usr/local/share/arm-gnu-toolchain-13.3.rel1-x86_64-arm-none-eabi/bin/../lib/gcc/arm-none-eabi/13.3.1/../../../../arm-none-eabi/lib/:/usr/local/share/arm-gnu-toolchain-13.3.rel1-x86_64-arm-none-eabi/bin/../arm-none-eabi/lib/
COLLECT_GCC_OPTIONS='-mcpu=cortex-m33' '-mthumb'  '-mfloat-abi=softfp' '-mcmse' '-v' '-o' 'CMakeFiles/cmTC_28e86.dir/CMakeCCompilerABI.c.obj' '-c' '-mlibarch=armv8-m.main+dsp+fp' '-march=armv8-m.main+dsp+fp' '-dumpdir' 'CMakeFiles/cmTC_28e86.dir/CMakeCCompilerABI.c.'
Linking C executable cmTC_28e86.elf
/usr/bin/cmake -E cmake_link_script CMakeFiles/cmTC_28e86.dir/link.txt --verbose=1
/usr/local/share/arm-gnu-toolchain-13.3.rel1-x86_64-arm-none-eabi/bin/arm-none-eabi-gcc -mcpu=cortex-m33 -mthumb -march=armv8-m.main+fp+dsp -mfloat-abi=softfp -mcmse  -Wl,--build-id=none -nostdlib  -v CMakeFiles/cmTC_28e86.dir/CMakeCCompilerABI.c.obj -o cmTC_28e86.elf 
Using built-in specs.
COLLECT_GCC=/usr/local/share/arm-gnu-toolchain-13.3.rel1-x86_64-arm-none-eabi/bin/arm-none-eabi-gcc
COLLECT_LTO_WRAPPER=/usr/local/share/arm-gnu-toolchain-13.3.rel1-x86_64-arm-none-eabi/bin/../libexec/gcc/arm-none-eabi/13.3.1/lto-wrapper
Target: arm-none-eabi
Configured with: /data/jenkins/workspace/GNU-toolchain/arm-13/src/gcc/configure --target=arm-none-eabi --prefix=/data/jenkins/workspace/GNU-toolchain/arm-13/build-arm-none-eabi/install --with-gmp=/data/jenkins/workspace/GNU-toolchain/arm-13/build-arm-none-eabi/host-tools --with-mpfr=/data/jenkins/workspace/GNU-toolchain/arm-13/build-arm-none-eabi/host-tools --with-mpc=/data/jenkins/workspace/GNU-toolchain/arm-13/build-arm-none-eabi/host-tools --with-isl=/data/jenkins/workspace/GNU-toolchain/arm-13/build-arm-none-eabi/host-tools --disable-shared --disable-nls --disable-threads --disable-tls --enable-checking=release --enable-languages=c,c++,fortran --with-newlib --with-gnu-as --with-headers=yes --with-gnu-ld --with-native-system-header-dir=/include --with-sysroot=/data/jenkins/workspace/GNU-toolchain/arm-13/build-arm-none-eabi/install/arm-none-eabi --with-multilib-list=aprofile,rmprofile --with-pkgversion='Arm GNU Toolchain 13.3.Rel1 (Build arm-13.24)' --with-bugurl=https://bugs.linaro.org/
Thread model: single
Supported LTO compression algorithms: zlib
gcc version 13.3.1 20240614 (Arm GNU Toolchain 13.3.Rel1 (Build arm-13.24)) 
COMPILER_PATH=/usr/local/share/arm-gnu-toolchain-13.3.rel1-x86_64-arm-none-eabi/bin/../libexec/gcc/arm-none-eabi/13.3.1/:/usr/local/share/arm-gnu-toolchain-13.3.rel1-x86_64-arm-none-eabi/bin/../libexec/gcc/:/usr/local/share/arm-gnu-toolchain-13.3.rel1-x86_64-arm-none-eabi/bin/../lib/gcc/arm-none-eabi/13.3.1/../../../../arm-none-eabi/bin/
LIBRARY_PATH=/usr/local/share/arm-gnu-toolchain-13.3.rel1-x86_64-arm-none-eabi/bin/../lib/gcc/arm-none-eabi/13.3.1/thumb/v8-m.main+fp/softfp/:/usr/local/share/arm-gnu-toolchain-13.3.rel1-x86_64-arm-none-eabi/bin/../lib/gcc/arm-none-eabi/13.3.1/../../../../arm-none-eabi/lib/thumb/v8-m.main+fp/softfp/:/usr/local/share/arm-gnu-toolchain-13.3.rel1-x86_64-arm-none-eabi/bin/../arm-none-eabi/lib/thumb/v8-m.main+fp/softfp/:/usr/local/share/arm-gnu-toolchain-13.3.rel1-x86_64-arm-none-eabi/bin/../lib/gcc/arm-none-eabi/13.3.1/:/usr/local/share/arm-gnu-toolchain-13.3.rel1-x86_64-arm-none-eabi/bin/../lib/gcc/:/usr/local/share/arm-gnu-toolchain-13.3.rel1-x86_64-arm-none-eabi/bin/../lib/gcc/arm-none-eabi/13.3.1/../../../../arm-none-eabi/lib/:/usr/local/share/arm-gnu-toolchain-13.3.rel1-x86_64-arm-none-eabi/bin/../arm-none-eabi/lib/
COLLECT_GCC_OPTIONS='-mcpu=cortex-m33' '-mthumb'  '-mfloat-abi=softfp' '-mcmse' '-nostdlib' '-v' '-o' 'cmTC_28e86.elf' '-mlibarch=armv8-m.main+dsp+fp' '-march=armv8-m.main+dsp+fp' '-dumpdir' 'cmTC_28e86.elf.'
 /usr/local/share/arm-gnu-toolchain-13.3.rel1-x86_64-arm-none-eabi/bin/../libexec/gcc/arm-none-eabi/13.3.1/collect2 -plugin /usr/local/share/arm-gnu-toolchain-13.3.rel1-x86_64-arm-none-eabi/bin/../libexec/gcc/arm-none-eabi/13.3.1/liblto_plugin.so -plugin-opt=/usr/local/share/arm-gnu-toolchain-13.3.rel1-x86_64-arm-none-eabi/bin/../libexec/gcc/arm-none-eabi/13.3.1/lto-wrapper -plugin-opt=-fresolution=/tmp/cczJ654I.res --sysroot=/usr/local/share/arm-gnu-toolchain-13.3.rel1-x86_64-arm-none-eabi/bin/../arm-none-eabi -X -o cmTC_28e86.elf -L/usr/local/share/arm-gnu-toolchain-13.3.rel1-x86_64-arm-none-eabi/bin/../lib/gcc/arm-none-eabi/13.3.1/thumb/v8-m.main+fp/softfp -L/usr/local/share/arm-gnu-toolchain-13.3.rel1-x86_64-arm-none-eabi/bin/../lib/gcc/arm-none-eabi/13.3.1/../../../../arm-none-eabi/lib/thumb/v8-m.main+fp/softfp -L/usr/local/share/arm-gnu-toolchain-13.3.rel1-x86_64-arm-none-eabi/bin/../arm-none-eabi/lib/thumb/v8-m.main+fp/softfp -L/usr/local/share/arm-gnu-toolchain-13.3.rel1-x86_64-arm-none-eabi/bin/../lib/gcc/arm-none-eabi/13.3.1 -L/usr/local/share/arm-gnu-toolchain-13.3.rel1-x86_64-arm-none-eabi/bin/../lib/gcc -L/usr/local/share/arm-gnu-toolchain-13.3.rel1-x86_64-arm-none-eabi/bin/../lib/gcc/arm-none-eabi/13.3.1/../../../../arm-none-eabi/lib -L/usr/local/share/arm-gnu-toolchain-13.3.rel1-x86_64-arm-none-eabi/bin/../arm-none-eabi/lib --build-id=none CMakeFiles/cmTC_28e86.dir/CMakeCCompilerABI.c.obj
/usr/local/share/arm-gnu-toolchain-13.3.rel1-x86_64-arm-none-eabi/bin/../lib/gcc/arm-none-eabi/13.3.1/../../../../arm-none-eabi/bin/ld: warning: cannot find entry symbol _start; defaulting to 00008000
COLLECT_GCC_OPTIONS='-mcpu=cortex-m33' '-mthumb'  '-mfloat-abi=softfp' '-mcmse' '-nostdlib' '-v' '-o' 'cmTC_28e86.elf' '-mlibarch=armv8-m.main+dsp+fp' '-march=armv8-m.main+dsp+fp' '-dumpdir' 'cmTC_28e86.elf.'
gmake[1]: Leaving directory '/home/totz45/labs/m4/DS3231/build/CMakeFiles/CMakeTmp'



Parsed C implicit include dir info from above output: rv=done
  found start of include info
  found start of implicit include info
    add: [/usr/local/share/arm-gnu-toolchain-13.3.rel1-x86_64-arm-none-eabi/bin/../lib/gcc/arm-none-eabi/13.3.1/include]
    add: [/usr/local/share/arm-gnu-toolchain-13.3.rel1-x86_64-arm-none-eabi/bin/../lib/gcc/arm-none-eabi/13.3.1/include-fixed]
    add: [/usr/local/share/arm-gnu-toolchain-13.3.rel1-x86_64-arm-none-eabi/bin/../lib/gcc/arm-none-eabi/13.3.1/../../../../arm-none-eabi/include]
  end of search list found
  collapse include dir [/usr/local/share/arm-gnu-toolchain-13.3.rel1-x86_64-arm-none-eabi/bin/../lib/gcc/arm-none-eabi/13.3.1/include] ==> [/usr/local/share/arm-gnu-toolchain-13.3.rel1-x86_64-arm-none-eabi/lib/gcc/arm-none-eabi/13.3.1/include]
  collapse include dir [/usr/local/share/arm-gnu-toolchain-13.3.rel1-x86_64-arm-none-eabi/bin/../lib/gcc/arm-none-eabi/13.3.1/include-fixed] ==> [/usr/local/share/arm-gnu-toolchain-13.3.rel1-x86_64-arm-none-eabi/lib/gcc/arm-none-eabi/13.3.1/include-fixed]
  collapse include dir [/usr/local/share/arm-gnu-toolchain-13.3.rel1-x86_64-arm-none-eabi/bin/../lib/gcc/arm-none-eabi/13.3.1/../../../../arm-none-eabi/include] ==> [/usr/local/share/arm-gnu-toolchain-13.3.rel1-x86_64-arm-none-eabi/arm-none-eabi/include]
  implicit include dirs: [/usr/local/share/arm-gnu-toolchain-13.3.rel1-x86_64-arm-none-eabi/lib/gcc/arm-none-eabi/13.3.1/include;/usr/local/share/arm-gnu-toolchain-13.3.rel1-x86_64-arm-none-eabi/lib/gcc/arm-none-eabi/13.3.1/include-fixed;/usr/local/share/arm-gnu-toolchain-13.3.rel1-x86_64-arm-none-eabi/arm-none-eabi/include]


Parsed C implicit link information from above output:
  link line regex: [^( *|.*[/\])(arm-none-eabi-ld|CMAKE_LINK_STARTFILE-NOTFOUND|([^/\]+-)?ld|collect2)[^/\]*( |$)]
  ignore line: [Change Dir: /home/totz45/labs/m4/DS3231/build/CMakeFiles/CMakeTmp]
  ignore line: []
  ignore line: [Run Build Command(s):/usr/bin/gmake -f Makefile cmTC_28e86/fast && /usr/bin/gmake  -f CMakeFiles/cmTC_28e86.dir/build.make CMakeFiles/cmTC_28e86.dir/build]
  ignore line: [gmake[1]: Entering directory '/home/totz45/labs/m4/DS3231/build/CMakeFiles/CMakeTmp']
  ignore line: [Building C object CMakeFiles/cmTC_28e86.dir/CMakeCCompilerABI.c.obj]
  ignore line: [/usr/local/share/arm-gnu-toolchain-13.3.rel1-x86_64-arm-none-eabi/bin/arm-none-eabi-gcc   -mcpu=cortex-m33 -mthumb -march=armv8-m.main+fp+dsp -mfloat-abi=softfp -mcmse    -v -o CMakeFiles/cmTC_28e86.dir/CMakeCCompilerABI.c.obj -c /usr/share/cmake-3.22/Modules/CMakeCCompilerABI.c]
  ignore line: [Using built-in specs.]
  ignore line: [COLLECT_GCC=/usr/local/share/arm-gnu-toolchain-13.3.rel1-x86_64-arm-none-eabi/bin/arm-none-eabi-gcc]
  ignore line: [Target: arm-none-eabi]
  ignore line: [Configured with: /data/jenkins/workspace/GNU-toolchain/arm-13/src/gcc/configure --target=arm-none-eabi --prefix=/data/jenkins/workspace/GNU-toolchain/arm-13/build-arm-none-eabi/install --with-gmp=/data/jenkins/workspace/GNU-toolchain/arm-13/build-arm-none-eabi/host-tools --with-mpfr=/data/jenkins/workspace/GNU-toolchain/arm-13/build-arm-none-eabi/host-tools --with-mpc=/data/jenkins/workspace/GNU-toolchain/arm-13/build-arm-none-eabi/host-tools --with-isl=/data/jenkins/workspace/GNU-toolchain/arm-13/build-arm-none-eabi/host-tools --disable-shared --disable-nls --disable-threads --disable-tls --enable-checking=release --enable-languages=c,c++,fortran --with-newlib --with-gnu-as --with-headers=yes --with-gnu-ld --with-native-system-header-dir=/include --with-sysroot=/data/jenkins/workspace/GNU-toolchain/arm-13/build-arm-none-eabi/install/arm-none-eabi --with-multilib-list=aprofile,rmprofile --with-pkgversion='Arm GNU Toolchain 13.3.Rel1 (Build arm-13.24)' --with-bugurl=https://bugs.linaro.org/]
  ignore line: [Thread model: single]
  ignore line: [Supported LTO compression algorithms: zlib]
  ignore line: [gcc version 13.3.1 20240614 (Arm GNU Toolchain 13.3.Rel1 (Build arm-13.24)) ]
  ignore line: [COLLECT_GCC_OPTIONS='-mcpu=cortex-m33' '-mthumb'  '-mfloat-abi=softfp' '-mcmse' '-v' '-o' 'CMakeFiles/cmTC_28e86.dir/CMakeCCompilerABI.c.obj' '-c' '-mlibarch=armv8-m.main+dsp+fp' '-march=armv8-m.main+dsp+fp' '-dumpdir' 'CMakeFiles/cmTC_28e86.dir/']
  ignore line: [ /usr/local/share/arm-gnu-toolchain-13.3.rel1-x86_64-arm-none-eabi/bin/../libexec/gcc/arm-none-eabi/13.3.1/cc1 -quiet -v -imultilib thumb/v8-m.main+fp/softfp -iprefix /usr/local/share/arm-gnu-toolchain-13.3.rel1-x86_64-arm-none-eabi/bin/../lib/gcc/arm-none-eabi/13.3.1/ -isysroot /usr/local/share/arm-gnu-toolchain-13.3.rel1-x86_64-arm-none-eabi/bin/../arm-none-eabi -D__USES_INITFINI__ /usr/share/cmake-3.22/Modules/CMakeCCompilerABI.c -quiet -dumpdir CMakeFiles/cmTC_28e86.dir/ -dumpbase CMakeCCompilerABI.c.c -dumpbase-ext .c -mcpu=cortex-m33 -mthumb -mfloat-abi=softfp -mcmse -mlibarch=armv8-m.main+dsp+fp -march=armv8-m.main+dsp+fp -version -o /tmp/ccNApg1j.s]
  ignore line: [GNU C17 (Arm GNU Toolchain 13.3.Rel1 (Build arm-13.24)) version 13.3.1 20240614 (arm-none-eabi)]
  ignore line: [	compiled by GNU C version 4.8.5 20150623 (Red Hat 4.8.5-44)  GMP version 6.2.1  MPFR version 3.1.6  MPC version 1.0.3  isl version isl-0.15-1-g835ea3a-GMP]
  ignore line: []
  ignore line: [GGC heuristics: --param ggc-min-expand=100 --param ggc-min-heapsize=131072]
  ignore line: [ignoring duplicate directory "/usr/local/share/arm-gnu-toolchain-13.3.rel1-x86_64-arm-none-eabi/bin/../lib/gcc/../../lib/gcc/arm-none-eabi/13.3.1/include"]
  ignore line: [ignoring nonexistent directory "/usr/local/share/arm-gnu-toolchain-13.3.rel1-x86_64-arm-none-eabi/bin/../arm-none-eabi/usr/local/include"]
  ignore line: [ignoring duplicate directory "/usr/local/share/arm-gnu-toolchain-13.3.rel1-x86_64-arm-none-eabi/bin/../lib/gcc/../../lib/gcc/arm-none-eabi/13.3.1/include-fixed"]
  ignore line: [ignoring duplicate directory "/usr/local/share/arm-gnu-toolchain-13.3.rel1-x86_64-arm-none-eabi/bin/../lib/gcc/../../lib/gcc/arm-none-eabi/13.3.1/../../../../arm-none-eabi/include"]
  ignore line: [ignoring duplicate directory "/usr/local/share/arm-gnu-toolchain-13.3.rel1-x86_64-arm-none-eabi/bin/../arm-none-eabi/include"]
  ignore line: [#include "..." search starts here:]
  ignore line: [#include <...> search starts here:]
  ignore line: [ /usr/local/share/arm-gnu-toolchain-13.3.rel1-x86_64-arm-none-eabi/bin/../lib/gcc/arm-none-eabi/13.3.1/include]
  ignore line: [ /usr/local/share/arm-gnu-toolchain-13.3.rel1-x86_64-arm-none-eabi/bin/../lib/gcc/arm-none-eabi/13.3.1/include-fixed]
  ignore line: [ /usr/local/share/arm-gnu-toolchain-13.3.rel1-x86_64-arm-none-eabi/bin/../lib/gcc/arm-none-eabi/13.3.1/../../../../arm-none-eabi/include]
  ignore line: [End of search list.]
  ignore line: [Compiler executable checksum: 9c2ae77c272b305506938e8b4c3643b8]
  ignore line: [COLLECT_GCC_OPTIONS='-mcpu=cortex-m33' '-mthumb'  '-mfloat-abi=softfp' '-mcmse' '-v' '-o' 'CMakeFiles/cmTC_28e86.dir/CMakeCCompilerABI.c.obj' '-c' '-mlibarch=armv8-m.main+dsp+fp' '-march=armv8-m.main+dsp+fp' '-dumpdir' 'CMakeFiles/cmTC_28e86.dir/']
  ignore line: [ /usr/local/share/arm-gnu-toolchain-13.3.rel1-x86_64-arm-none-eabi/bin/../lib/gcc/arm-none-eabi/13.3.1/../../../../arm-none-eabi/bin/as -v -march=armv8-m.main+dsp+fp -mfloat-abi=softfp -meabi=5 -o CMakeFiles/cmTC_28e86.dir/CMakeCCompilerABI.c.obj /tmp/ccNApg1j.s]
  ignore line: [GNU assembler version 2.42.0 (arm-none-eabi) using BFD version (Arm GNU Toolchain 13.3.Rel1 (Build arm-13.24)) 2.42.0.20240614]
  ignore line: [COMPILER_PATH=/usr/local/share/arm-gnu-toolchain-13.3.rel1-x86_64-arm-none-eabi/bin/../libexec/gcc/arm-none-eabi/13.3.1/:/usr/local/share/arm-gnu-toolchain-13.3.rel1-x86_64-arm-none-eabi/bin/../libexec/gcc/:/usr/local/share/arm-gnu-toolchain-13.3.rel1-x86_64-arm-none-eabi/bin/../lib/gcc/arm-none-eabi/13.3.1/../../../../arm-none-eabi/bin/]
  ignore line: [LIBRARY_PATH=/usr/local/share/arm-gnu-toolchain-13.3.rel1-x86_64-arm-none-eabi/bin/../lib/gcc/arm-none-eabi/13.3.1/thumb/v8-m.main+fp/softfp/:/usr/local/share/arm-gnu-toolchain-13.3.rel1-x86_64-arm-none-eabi/bin/../lib/gcc/arm-none-eabi/13.3.1/../../../../arm-none-eabi/lib/thumb/v8-m.main+fp/softfp/:/usr/local/share/arm-gnu-toolchain-13.3.rel1-x86_64-arm-none-eabi/bin/../arm-none-eabi/lib/thumb/v8-m.main+fp/softfp/:/usr/local/share/arm-gnu-toolchain-13.3.rel1-x86_64-arm-none-eabi/bin/../lib/gcc/arm-none-eabi/13.3.1/:/usr/local/share/arm-gnu-toolchain-13.3.rel1-x86_64-arm-none-eabi/bin/../lib/gcc/:/usr/local/share/arm-gnu-toolchain-13.3.rel1-x86_64-arm-none-eabi/bin/../lib/gcc/arm-none-eabi/13.3.1/../../../../arm-none-eabi/lib/:/usr/local/share/arm-gnu-toolchain-13.3.rel1-x86_64-arm-none-eabi/bin/../arm-none-eabi/lib/]
  ignore line: [COLLECT_GCC_OPTIONS='-mcpu=cortex-m33' '-mthumb'  '-mfloat-abi=softfp' '-mcmse' '-v' '-o' 'CMakeFiles/cmTC_28e86.dir/CMakeCCompilerABI.c.obj' '-c' '-mlibarch=armv8-m.main+dsp+fp' '-march=armv8-m.main+dsp+fp' '-dumpdir' 'CMakeFiles/cmTC_28e86.dir/CMakeCCompilerABI.c.']
  ignore line: [Linking C executable cmTC_28e86.elf]
  ignore line: [/usr/bin/cmake -E cmake_link_script CMakeFiles/cmTC_28e86.dir/link.txt --verbose=1]
  ignore line: [/usr/local/share/arm-gnu-toolchain-13.3.rel1-x86_64-arm-none-eabi/bin/arm-none-eabi-gcc -mcpu=cortex-m33 -mthumb -march=armv8-m.main+fp+dsp -mfloat-abi=softfp -mcmse  -Wl --build-id=none -nostdlib  -v CMakeFiles/cmTC_28e86.dir/CMakeCCompilerABI.c.obj -o cmTC_28e86.elf ]
  ignore line: [Using built-in specs.]
  ignore line: [COLLECT_GCC=/usr/local/share/arm-gnu-toolchain-13.3.rel1-x86_64-arm-none-eabi/bin/arm-none-eabi-gcc]
  ignore line: [COLLECT_LTO_WRAPPER=/usr/local/share/arm-gnu-toolchain-13.3.rel1-x86_64-arm-none-eabi/bin/../libexec/gcc/arm-none-eabi/13.3.1/lto-wrapper]
  ignore line: [Target: arm-none-eabi]
  ignore line: [Configured with: /data/jenkins/workspace/GNU-toolchain/arm-13/src/gcc/configure --target=arm-none-eabi --prefix=/data/jenkins/workspace/GNU-toolchain/arm-13/build-arm-none-eabi/install --with-gmp=/data/jenkins/workspace/GNU-toolchain/arm-13/build-arm-none-eabi/host-tools --with-mpfr=/data/jenkins/workspace/GNU-toolchain/arm-13/build-arm-none-eabi/host-tools --with-mpc=/data/jenkins/workspace/GNU-toolchain/arm-13/build-arm-none-eabi/host-tools --with-isl=/data/jenkins/workspace/GNU-toolchain/arm-13/build-arm-none-eabi/host-tools --disable-shared --disable-nls --disable-threads --disable-tls --enable-checking=release --enable-languages=c,c++,fortran --with-newlib --with-gnu-as --with-headers=yes --with-gnu-ld --with-native-system-header-dir=/include --with-sysroot=/data/jenkins/workspace/GNU-toolchain/arm-13/build-arm-none-eabi/install/arm-none-eabi --with-multilib-list=aprofile,rmprofile --with-pkgversion='Arm GNU Toolchain 13.3.Rel1 (Build arm-13.24)' --with-bugurl=https://bugs.linaro.org/]
  ignore line: [Thread model: single]
  ignore line: [Supported LTO compression algorithms: zlib]
  ignore line: [gcc version 13.3.1 20240614 (Arm GNU Toolchain 13.3.Rel1 (Build arm-13.24)) ]
  ignore line: [COMPILER_PATH=/usr/local/share/arm-gnu-toolchain-13.3.rel1-x86_64-arm-none-eabi/bin/../libexec/gcc/arm-none-eabi/13.3.1/:/usr/local/share/arm-gnu-toolchain-13.3.rel1-x86_64-arm-none-eabi/bin/../libexec/gcc/:/usr/local/share/arm-gnu-toolchain-13.3.rel1-x86_64-arm-none-eabi/bin/../lib/gcc/arm-none-eabi/13.3.1/../../../../arm-none-eabi/bin/]
  ignore line: [LIBRARY_PATH=/usr/local/share/arm-gnu-toolchain-13.3.rel1-x86_64-arm-none-eabi/bin/../lib/gcc/arm-none-eabi/13.3.1/thumb/v8-m.main+fp/softfp/:/usr/local/share/arm-gnu-toolchain-13.3.rel1-x86_64-arm-none-eabi/bin/../lib/gcc/arm-none-eabi/13.3.1/../../../../arm-none-eabi/lib/thumb/v8-m.main+fp/softfp/:/usr/local/share/arm-gnu-toolchain-13.3.rel1-x86_64-arm-none-eabi/bin/../arm-none-eabi/lib/thumb/v8-m.main+fp/softfp/:/usr/local/share/arm-gnu-toolchain-13.3.rel1-x86_64-arm-none-eabi/bin/../lib/gcc/arm-none-eabi/13.3.1/:/usr/local/share/arm-gnu-toolchain-13.3.rel1-x86_64-arm-none-eabi/bin/../lib/gcc/:/usr/local/share/arm-gnu-toolchain-13.3.rel1-x86_64-arm-none-eabi/bin/../lib/gcc/arm-none-eabi/13.3.1/../../../../arm-none-eabi/lib/:/usr/local/share/arm-gnu-toolchain-13.3.rel1-x86_64-arm-none-eabi/bin/../arm-none-eabi/lib/]
  ignore line: [COLLECT_GCC_OPTIONS='-mcpu=cortex-m33' '-mthumb'  '-mfloat-abi=softfp' '-mcmse' '-nostdlib' '-v' '-o' 'cmTC_28e86.elf' '-mlibarch=armv8-m.main+dsp+fp' '-march=armv8-m.main+dsp+fp' '-dumpdir' 'cmTC_28e86.elf.']
  link line: [ /usr/local/share/arm-gnu-toolchain-13.3.rel1-x86_64-arm-none-eabi/bin/../libexec/gcc/arm-none-eabi/13.3.1/collect2 -plugin /usr/local/share/arm-gnu-toolchain-13.3.rel1-x86_64-arm-none-eabi/bin/../libexec/gcc/arm-none-eabi/13.3.1/liblto_plugin.so -plugin-opt=/usr/local/share/arm-gnu-toolchain-13.3.rel1-x86_64-arm-none-eabi/bin/../libexec/gcc/arm-none-eabi/13.3.1/lto-wrapper -plugin-opt=-fresolution=/tmp/cczJ654I.res --sysroot=/usr/local/share/arm-gnu-toolchain-13.3.rel1-x86_64-arm-none-eabi/bin/../arm-none-eabi -X -o cmTC_28e86.elf -L/usr/local/share/arm-gnu-toolchain-13.3.rel1-x86_64-arm-none-eabi/bin/../lib/gcc/arm-none-eabi/13.3.1/thumb/v8-m.main+fp/softfp -L/usr/local/share/arm-gnu-toolchain-13.3.rel1-x86_64-arm-none-eabi/bin/../lib/gcc/arm-none-eabi/13.3.1/../../../../arm-none-eabi/lib/thumb/v8-m.main+fp/softfp -L/usr/local/share/arm-gnu-toolchain-13.3.rel1-x86_64-arm-none-eabi/bin/../arm-none-eabi/lib/thumb/v8-m.main+fp/softfp -L/usr/local/share/arm-gnu-toolchain-13.3.rel1-x86_64-arm-none-eabi/bin/../lib/gcc/arm-none-eabi/13.3.1 -L/usr/local/share/arm-gnu-toolchain-13.3.rel1-x86_64-arm-none-eabi/bin/../lib/gcc -L/usr/local/share/arm-gnu-toolchain-13.3.rel1-x86_64-arm-none-eabi/bin/../lib/gcc/arm-none-eabi/13.3.1/../../../../arm-none-eabi/lib -L/usr/local/share/arm-gnu-toolchain-13.3.rel1-x86_64-arm-none-eabi/bin/../arm-none-eabi/lib --build-id=none CMakeFiles/cmTC_28e86.dir/CMakeCCompilerABI.c.obj]
    arg [/usr/local/share/arm-gnu-toolchain-13.3.rel1-x86_64-arm-none-eabi/bin/../libexec/gcc/arm-none-eabi/13.3.1/collect2] ==> ignore
    arg [-plugin] ==> ignore
    arg [/usr/local/share/arm-gnu-toolchain-13.3.rel1-x86_64-arm-none-eabi/bin/../libexec/gcc/arm-none-eabi/13.3.1/liblto_plugin.so] ==> ignore
    arg [-plugin-opt=/usr/local/share/arm-gnu-toolchain-13.3.rel1-x86_64-arm-none-eabi/bin/../libexec/gcc/arm-none-eabi/13.3.1/lto-wrapper] ==> ignore
    arg [-plugin-opt=-fresolution=/tmp/cczJ654I.res] ==> ignore
    arg [--sysroot=/usr/local/share/arm-gnu-toolchain-13.3.rel1-x86_64-arm-none-eabi/bin/../arm-none-eabi] ==> ignore
    arg [-X] ==> ignore
    arg [-o] ==> ignore
    arg [cmTC_28e86.elf] ==> ignore
    arg [-L/usr/local/share/arm-gnu-toolchain-13.3.rel1-x86_64-arm-none-eabi/bin/../lib/gcc/arm-none-eabi/13.3.1/thumb/v8-m.main+fp/softfp] ==> dir [/usr/local/share/arm-gnu-toolchain-13.3.rel1-x86_64-arm-none-eabi/bin/../lib/gcc/arm-none-eabi/13.3.1/thumb/v8-m.main+fp/softfp]
    arg [-L/usr/local/share/arm-gnu-toolchain-13.3.rel1-x86_64-arm-none-eabi/bin/../lib/gcc/arm-none-eabi/13.3.1/../../../../arm-none-eabi/lib/thumb/v8-m.main+fp/softfp] ==> dir [/usr/local/share/arm-gnu-toolchain-13.3.rel1-x86_64-arm-none-eabi/bin/../lib/gcc/arm-none-eabi/13.3.1/../../../../arm-none-eabi/lib/thumb/v8-m.main+fp/softfp]
    arg [-L/usr/local/share/arm-gnu-toolchain-13.3.rel1-x86_64-arm-none-eabi/bin/../arm-none-eabi/lib/thumb/v8-m.main+fp/softfp] ==> dir [/usr/local/share/arm-gnu-toolchain-13.3.rel1-x86_64-arm-none-eabi/bin/../arm-none-eabi/lib/thumb/v8-m.main+fp/softfp]
    arg [-L/usr/local/share/arm-gnu-toolchain-13.3.rel1-x86_64-arm-none-eabi/bin/../lib/gcc/arm-none-eabi/13.3.1] ==> dir [/usr/local/share/arm-gnu-toolchain-13.3.rel1-x86_64-arm-none-eabi/bin/../lib/gcc/arm-none-eabi/13.3.1]
    arg [-L/usr/local/share/arm-gnu-toolchain-13.3.rel1-x86_64-arm-none-eabi/bin/../lib/gcc] ==> dir [/usr/local/share/arm-gnu-toolchain-13.3.rel1-x86_64-arm-none-eabi/bin/../lib/gcc]
    arg [-L/usr/local/share/arm-gnu-toolchain-13.3.rel1-x86_64-arm-none-eabi/bin/../lib/gcc/arm-none-eabi/13.3.1/../../../../arm-none-eabi/lib] ==> dir [/usr/local/share/arm-gnu-toolchain-13.3.rel1-x86_64-arm-none-eabi/bin/../lib/gcc/arm-none-eabi/13.3.1/../../../../arm-none-eabi/lib]
    arg [-L/usr/local/share/arm-gnu-toolchain-13.3.rel1-x86_64-arm-none-eabi/bin/../arm-none-eabi/lib] ==> dir [/usr/local/share/arm-gnu-toolchain-13.3.rel1-x86_64-arm-none-eabi/bin/../arm-none-eabi/lib]
    arg [--build-id=none] ==> ignore
    arg [CMakeFiles/cmTC_28e86.dir/CMakeCCompilerABI.c.obj] ==> ignore
  collapse library dir [/usr/local/share/arm-gnu-toolchain-13.3.rel1-x86_64-arm-none-eabi/bin/../lib/gcc/arm-none-eabi/13.3.1/thumb/v8-m.main+fp/softfp] ==> [/usr/local/share/arm-gnu-toolchain-13.3.rel1-x86_64-arm-none-eabi/lib/gcc/arm-none-eabi/13.3.1/thumb/v8-m.main+fp/softfp]
  collapse library dir [/usr/local/share/arm-gnu-toolchain-13.3.rel1-x86_64-arm-none-eabi/bin/../lib/gcc/arm-none-eabi/13.3.1/../../../../arm-none-eabi/lib/thumb/v8-m.main+fp/softfp] ==> [/usr/local/share/arm-gnu-toolchain-13.3.rel1-x86_64-arm-none-eabi/arm-none-eabi/lib/thumb/v8-m.main+fp/softfp]
  collapse library dir [/usr/local/share/arm-gnu-toolchain-13.3.rel1-x86_64-arm-none-eabi/bin/../arm-none-eabi/lib/thumb/v8-m.main+fp/softfp] ==> [/usr/local/share/arm-gnu-toolchain-13.3.rel1-x86_64-arm-none-eabi/arm-none-eabi/lib/thumb/v8-m.main+fp/softfp]
  collapse library dir [/usr/local/share/arm-gnu-toolchain-13.3.rel1-x86_64-arm-none-eabi/bin/../lib/gcc/arm-none-eabi/13.3.1] ==> [/usr/local/share/arm-gnu-toolchain-13.3.rel1-x86_64-arm-none-eabi/lib/gcc/arm-none-eabi/13.3.1]
  collapse library dir [/usr/local/share/arm-gnu-toolchain-13.3.rel1-x86_64-arm-none-eabi/bin/../lib/gcc] ==> [/usr/local/share/arm-gnu-toolchain-13.3.rel1-x86_64-arm-none-eabi/lib/gcc]
  collapse library dir [/usr/local/share/arm-gnu-toolchain-13.3.rel1-x86_64-arm-none-eabi/bin/../lib/gcc/arm-none-eabi/13.3.1/../../../../arm-none-eabi/lib] ==> [/usr/local/share/arm-gnu-toolchain-13.3.rel1-x86_64-arm-none-eabi/arm-none-eabi/lib]
  collapse library dir [/usr/local/share/arm-gnu-toolchain-13.3.rel1-x86_64-arm-none-eabi/bin/../arm-none-eabi/lib] ==> [/usr/local/share/arm-gnu-toolchain-13.3.rel1-x86_64-arm-none-eabi/arm-none-eabi/lib]
  implicit libs: []
  implicit objs: []
  implicit dirs: [/usr/local/share/arm-gnu-toolchain-13.3.rel1-x86_64-arm-none-eabi/lib/gcc/arm-none-eabi/13.3.1/thumb/v8-m.main+fp/softfp;/usr/local/share/arm-gnu-toolchain-13.3.rel1-x86_64-arm-none-eabi/arm-none-eabi/lib/thumb/v8-m.main+fp/softfp;/usr/local/share/arm-gnu-toolchain-13.3.rel1-x86_64-arm-none-eabi/lib/gcc/arm-none-eabi/13.3.1;/usr/local/share/arm-gnu-toolchain-13.3.rel1-x86_64-arm-none-eabi/lib/gcc;/usr/local/share/arm-gnu-toolchain-13.3.rel1-x86_64-arm-none-eabi/arm-none-eabi/lib]
  implicit fwks: []


Detecting CXX compiler ABI info compiled with the following output:
Change Dir: /home/totz45/labs/m4/DS3231/build/CMakeFiles/CMakeTmp

Run Build Command(s):/usr/bin/gmake -f Makefile cmTC_05877/fast && /usr/bin/gmake  -f CMakeFiles/cmTC_05877.dir/build.make CMakeFiles/cmTC_05877.dir/build
gmake[1]: Entering directory '/home/totz45/labs/m4/DS3231/build/CMakeFiles/CMakeTmp'
Building CXX object CMakeFiles/cmTC_05877.dir/CMakeCXXCompilerABI.cpp.obj
/usr/local/share/arm-gnu-toolchain-13.3.rel1-x86_64-arm-none-eabi/bin/arm-none-eabi-g++   -mcpu=cortex-m33 -mthumb -march=armv8-m.main+fp+dsp -mfloat-abi=softfp -mcmse    -v -o CMakeFiles/cmTC_05877.dir/CMakeCXXCompilerABI.cpp.obj -c /usr/share/cmake-3.22/Modules/CMakeCXXCompilerABI.cpp
Using built-in specs.
COLLECT_GCC=/usr/local/share/arm-gnu-toolchain-13.3.rel1-x86_64-arm-none-eabi/bin/arm-none-eabi-g++
Target: arm-none-eabi
Configured with: /data/jenkins/workspace/GNU-toolchain/arm-13/src/gcc/configure --target=arm-none-eabi --prefix=/data/jenkins/workspace/GNU-toolchain/arm-13/build-arm-none-eabi/install --with-gmp=/data/jenkins/workspace/GNU-toolchain/arm-13/build-arm-none-eabi/host-tools --with-mpfr=/data/jenkins/workspace/GNU-toolchain/arm-13/build-arm-none-eabi/host-tools --with-mpc=/data/jenkins/workspace/GNU-toolchain/arm-13/build-arm-none-eabi/host-tools --with-isl=/data/jenkins/workspace/GNU-toolchain/arm-13/build-arm-none-eabi/host-tools --disable-shared --disable-nls --disable-threads --disable-tls --enable-checking=release --enable-languages=c,c++,fortran --with-newlib --with-gnu-as --with-headers=yes --with-gnu-ld --with-native-system-header-dir=/include --with-sysroot=/data/jenkins/workspace/GNU-toolchain/arm-13/build-arm-none-eabi/install/arm-none-eabi --with-multilib-list=aprofile,rmprofile --with-pkgversion='Arm GNU Toolchain 13.3.Rel1 (Build arm-13.24)' --with-bugurl=https://bugs.linaro.org/
Thread model: single
Supported LTO compression algorithms: zlib
gcc version 13.3.1 20240614 (Arm GNU Toolchain 13.3.Rel1 (Build arm-13.24)) 
COLLECT_GCC_OPTIONS='-mcpu=cortex-m33' '-mthumb'  '-mfloat-abi=softfp' '-mcmse' '-v' '-o' 'CMakeFiles/cmTC_05877.dir/CMakeCXXCompilerABI.cpp.obj' '-c' '-mlibarch=armv8-m.main+dsp+fp' '-march=armv8-m.main+dsp+fp' '-dumpdir' 'CMakeFiles/cmTC_05877.dir/'
 /usr/local/share/arm-gnu-toolchain-13.3.rel1-x86_64-arm-none-eabi/bin/../libexec/gcc/arm-none-eabi/13.3.1/cc1plus -quiet -v -imultilib thumb/v8-m.main+fp/softfp -iprefix /usr/local/share/arm-gnu-toolchain-13.3.rel1-x86_64-arm-none-eabi/bin/../lib/gcc/arm-none-eabi/13.3.1/ -isysroot /usr/local/share/arm-gnu-toolchain-13.3.rel1-x86_64-arm-none-eabi/bin/../arm-none-eabi -D__USES_INITFINI__ /usr/share/cmake-3.22/Modules/CMakeCXXCompilerABI.cpp -quiet -dumpdir CMakeFiles/cmTC_05877.dir/ -dumpbase CMakeCXXCompilerABI.cpp.cpp -dumpbase-ext .cpp -mcpu=cortex-m33 -mthumb -mfloat-abi=softfp -mcmse -mlibarch=armv8-m.main+dsp+fp -march=armv8-m.main+dsp+fp -version -o /tmp/ccQzO8A2.s
GNU C++17 (Arm GNU Toolchain 13.3.Rel1 (Build arm-13.24)) version 13.3.1 20240614 (arm-none-eabi)
	compiled by GNU C version 4.8.5 20150623 (Red Hat 4.8.5-44), GMP version 6.2.1, MPFR version 3.1.6, MPC version 1.0.3, isl version isl-0.15-1-g835ea3a-GMP

GGC heuristics: --param ggc-min-expand=100 --param ggc-min-heapsize=131072
ignoring duplicate directory "/usr/local/share/arm-gnu-toolchain-13.3.rel1-x86_64-arm-none-eabi/bin/../lib/gcc/../../lib/gcc/arm-none-eabi/13.3.1/../../../../arm-none-eabi/include/c++/13.3.1"
ignoring duplicate directory "/usr/local/share/arm-gnu-toolchain-13.3.rel1-x86_64-arm-none-eabi/bin/../lib/gcc/../../lib/gcc/arm-none-eabi/13.3.1/../../../../arm-none-eabi/include/c++/13.3.1/arm-none-eabi/thumb/v8-m.main+fp/softfp"
ignoring duplicate directory "/usr/local/share/arm-gnu-toolchain-13.3.rel1-x86_64-arm-none-eabi/bin/../lib/gcc/../../lib/gcc/arm-none-eabi/13.3.1/../../../../arm-none-eabi/include/c++/13.3.1/backward"
ignoring duplicate directory "/usr/local/share/arm-gnu-toolchain-13.3.rel1-x86_64-arm-none-eabi/bin/../lib/gcc/../../lib/gcc/arm-none-eabi/13.3.1/include"
ignoring nonexistent directory "/usr/local/share/arm-gnu-toolchain-13.3.rel1-x86_64-arm-none-eabi/bin/../arm-none-eabi/usr/local/include"
ignoring duplicate directory "/usr/local/share/arm-gnu-toolchain-13.3.rel1-x86_64-arm-none-eabi/bin/../lib/gcc/../../lib/gcc/arm-none-eabi/13.3.1/include-fixed"
ignoring duplicate directory "/usr/local/share/arm-gnu-toolchain-13.3.rel1-x86_64-arm-none-eabi/bin/../lib/gcc/../../lib/gcc/arm-none-eabi/13.3.1/../../../../arm-none-eabi/include"
ignoring duplicate directory "/usr/local/share/arm-gnu-toolchain-13.3.rel1-x86_64-arm-none-eabi/bin/../arm-none-eabi/include"
#include "..." search starts here:
#include <...> search starts here:
 /usr/local/share/arm-gnu-toolchain-13.3.rel1-x86_64-arm-none-eabi/bin/../lib/gcc/arm-none-eabi/13.3.1/../../../../arm-none-eabi/include/c++/13.3.1
 /usr/local/share/arm-gnu-toolchain-13.3.rel1-x86_64-arm-none-eabi/bin/../lib/gcc/arm-none-eabi/13.3.1/../../../../arm-none-eabi/include/c++/13.3.1/arm-none-eabi/thumb/v8-m.main+fp/softfp
 /usr/local/share/arm-gnu-toolchain-13.3.rel1-x86_64-arm-none-eabi/bin/../lib/gcc/arm-none-eabi/13.3.1/../../../../arm-none-eabi/include/c++/13.3.1/backward
 /usr/local/share/arm-gnu-toolchain-13.3.rel1-x86_64-arm-none-eabi/bin/../lib/gcc/arm-none-eabi/13.3.1/include
 /usr/local/share/arm-gnu-toolchain-13.3.rel1-x86_64-arm-none-eabi/bin/../lib/gcc/arm-none-eabi/13.3.1/include-fixed
 /usr/local/share/arm-gnu-toolchain-13.3.rel1-x86_64-arm-none-eabi/bin/../lib/gcc/arm-none-eabi/13.3.1/../../../../arm-none-eabi/include
End of search list.
Compiler executable checksum: 69c9079aa1e4c9516429742f1abb9d10
COLLECT_GCC_OPTIONS='-mcpu=cortex-m33' '-mthumb'  '-mfloat-abi=softfp' '-mcmse' '-v' '-o' 'CMakeFiles/cmTC_05877.dir/CMakeCXXCompilerABI.cpp.obj' '-c' '-mlibarch=armv8-m.main+dsp+fp' '-march=armv8-m.main+dsp+fp' '-dumpdir' 'CMakeFiles/cmTC_05877.dir/'
 /usr/local/share/arm-gnu-toolchain-13.3.rel1-x86_64-arm-none-eabi/bin/../lib/gcc/arm-none-eabi/13.3.1/../../../../arm-none-eabi/bin/as -v -march=armv8-m.main+dsp+fp -mfloat-abi=softfp -meabi=5 -o CMakeFiles/cmTC_05877.dir/CMakeCXXCompilerABI.cpp.obj /tmp/ccQzO8A2.s
GNU assembler version 2.42.0 (arm-none-eabi) using BFD version (Arm GNU Toolchain 13.3.Rel1 (Build arm-13.24)) 2.42.0.20240614
COMPILER_PATH=/usr/local/share/arm-gnu-toolchain-13.3.rel1-x86_64-arm-none-eabi/bin/../libexec/gcc/arm-none-eabi/13.3.1/:/usr/local/share/arm-gnu-toolchain-13.3.rel1-x86_64-arm-none-eabi/bin/../libexec/gcc/:/usr/local/share/arm-gnu-toolchain-13.3.rel1-x86_64-arm-none-eabi/bin/../lib/gcc/arm-none-eabi/13.3.1/../../../../arm-none-eabi/bin/
LIBRARY_PATH=/usr/local/share/arm-gnu-toolchain-13.3.rel1-x86_64-arm-none-eabi/bin/../lib/gcc/arm-none-eabi/13.3.1/thumb/v8-m.main+fp/softfp/:/usr/local/share/arm-gnu-toolchain-13.3.rel1-x86_64-arm-none-eabi/bin/../lib/gcc/arm-none-eabi/13.3.1/../../../../arm-none-eabi/lib/thumb/v8-m.main+fp/softfp/:/usr/local/share/arm-gnu-toolchain-13.3.rel1-x86_64-arm-none-eabi/bin/../arm-none-eabi/lib/thumb/v8-m.main+fp/softfp/:/usr/local/share/arm-gnu-toolchain-13.3.rel1-x86_64-arm-none-eabi/bin/../lib/gcc/arm-none-eabi/13.3.1/:/usr/local/share/arm-gnu-toolchain-13.3.rel1-x86_64-arm-none-eabi/bin/../lib/gcc/:/usr/local/share/arm-gnu-toolchain-13.3.rel1-x86_64-arm-none-eabi/bin/../lib/gcc/arm-none-eabi/13.3.1/../../../../arm-none-eabi/lib/:/usr/local/share/arm-gnu-toolchain-13.3.rel1-x86_64-arm-none-eabi/bin/../arm-none-eabi/lib/
COLLECT_GCC_OPTIONS='-mcpu=cortex-m33' '-mthumb'  '-mfloat-abi=softfp' '-mcmse' '-v' '-o' 'CMakeFiles/cmTC_05877.dir/CMakeCXXCompilerABI.cpp.obj' '-c' '-mlibarch=armv8-m.main+dsp+fp' '-march=armv8-m.main+dsp+fp' '-dumpdir' 'CMakeFiles/cmTC_05877.dir/CMakeCXXCompilerABI.cpp.'
Linking CXX executable cmTC_05877.elf
/usr/bin/cmake -E cmake_link_script CMakeFiles/cmTC_05877.dir/link.txt --verbose=1
/usr/local/share/arm-gnu-toolchain-13.3.rel1-x86_64-arm-none-eabi/bin/arm-none-eabi-g++ -mcpu=cortex-m33 -mthumb -march=armv8-m.main+fp+dsp -mfloat-abi=softfp -mcmse  -Wl,--build-id=none -nostdlib  -v CMakeFiles/cmTC_05877.dir/CMakeCXXCompilerABI.cpp.obj -o cmTC_05877.elf 
Using built-in specs.
COLLECT_GCC=/usr/local/share/arm-gnu-toolchain-13.3.rel1-x86_64-arm-none-eabi/bin/arm-none-eabi-g++
COLLECT_LTO_WRAPPER=/usr/local/share/arm-gnu-toolchain-13.3.rel1-x86_64-arm-none-eabi/bin/../libexec/gcc/arm-none-eabi/13.3.1/lto-wrapper
Target: arm-none-eabi
Configured with: /data/jenkins/workspace/GNU-toolchain/arm-13/src/gcc/configure --target=arm-none-eabi --prefix=/data/jenkins/workspace/GNU-toolchain/arm-13/build-arm-none-eabi/install --with-gmp=/data/jenkins/workspace/GNU-toolchain/arm-13/build-arm-none-eabi/host-tools --with-mpfr=/data/jenkins/workspace/GNU-toolchain/arm-13/build-arm-none-eabi/host-tools --with-mpc=/data/jenkins/workspace/GNU-toolchain/arm-13/build-arm-none-eabi/host-tools --with-isl=/data/jenkins/workspace/GNU-toolchain/arm-13/build-arm-none-eabi/host-tools --disable-shared --disable-nls --disable-threads --disable-tls --enable-checking=release --enable-languages=c,c++,fortran --with-newlib --with-gnu-as --with-headers=yes --with-gnu-ld --with-native-system-header-dir=/include --with-sysroot=/data/jenkins/workspace/GNU-toolchain/arm-13/build-arm-none-eabi/install/arm-none-eabi --with-multilib-list=aprofile,rmprofile --with-pkgversion='Arm GNU Toolchain 13.3.Rel1 (Build arm-13.24)' --with-bugurl=https://bugs.linaro.org/
Thread model: single
Supported LTO compression algorithms: zlib
gcc version 13.3.1 20240614 (Arm GNU Toolchain 13.3.Rel1 (Build arm-13.24)) 
COMPILER_PATH=/usr/local/share/arm-gnu-toolchain-13.3.rel1-x86_64-arm-none-eabi/bin/../libexec/gcc/arm-none-eabi/13.3.1/:/usr/local/share/arm-gnu-toolchain-13.3.rel1-x86_64-arm-none-eabi/bin/../libexec/gcc/:/usr/local/share/arm-gnu-toolchain-13.3.rel1-x86_64-arm-none-eabi/bin/../lib/gcc/arm-none-eabi/13.3.1/../../../../arm-none-eabi/bin/
LIBRARY_PATH=/usr/local/share/arm-gnu-toolchain-13.3.rel1-x86_64-arm-none-eabi/bin/../lib/gcc/arm-none-eabi/13.3.1/thumb/v8-m.main+fp/softfp/:/usr/local/share/arm-gnu-toolchain-13.3.rel1-x86_64-arm-none-eabi/bin/../lib/gcc/arm-none-eabi/13.3.1/../../../../arm-none-eabi/lib/thumb/v8-m.main+fp/softfp/:/usr/local/share/arm-gnu-toolchain-13.3.rel1-x86_64-arm-none-eabi/bin/../arm-none-eabi/lib/thumb/v8-m.main+fp/softfp/:/usr/local/share/arm-gnu-toolchain-13.3.rel1-x86_64-arm-none-eabi/bin/../lib/gcc/arm-none-eabi/13.3.1/:/usr/local/share/arm-gnu-toolchain-13.3.rel1-x86_64-arm-none-eabi/bin/../lib/gcc/:/usr/local/share/arm-gnu-toolchain-13.3.rel1-x86_64-arm-none-eabi/bin/../lib/gcc/arm-none-eabi/13.3.1/../../../../arm-none-eabi/lib/:/usr/local/share/arm-gnu-toolchain-13.3.rel1-x86_64-arm-none-eabi/bin/../arm-none-eabi/lib/
COLLECT_GCC_OPTIONS='-mcpu=cortex-m33' '-mthumb'  '-mfloat-abi=softfp' '-mcmse' '-nostdlib' '-v' '-o' 'cmTC_05877.elf' '-mlibarch=armv8-m.main+dsp+fp' '-march=armv8-m.main+dsp+fp' '-dumpdir' 'cmTC_05877.elf.'
 /usr/local/share/arm-gnu-toolchain-13.3.rel1-x86_64-arm-none-eabi/bin/../libexec/gcc/arm-none-eabi/13.3.1/collect2 -plugin /usr/local/share/arm-gnu-toolchain-13.3.rel1-x86_64-arm-none-eabi/bin/../libexec/gcc/arm-none-eabi/13.3.1/liblto_plugin.so -plugin-opt=/usr/local/share/arm-gnu-toolchain-13.3.rel1-x86_64-arm-none-eabi/bin/../libexec/gcc/arm-none-eabi/13.3.1/lto-wrapper -plugin-opt=-fresolution=/tmp/ccRejPN5.res --sysroot=/usr/local/share/arm-gnu-toolchain-13.3.rel1-x86_64-arm-none-eabi/bin/../arm-none-eabi -X -o cmTC_05877.elf -L/usr/local/share/arm-gnu-toolchain-13.3.rel1-x86_64-arm-none-eabi/bin/../lib/gcc/arm-none-eabi/13.3.1/thumb/v8-m.main+fp/softfp -L/usr/local/share/arm-gnu-toolchain-13.3.rel1-x86_64-arm-none-eabi/bin/../lib/gcc/arm-none-eabi/13.3.1/../../../../arm-none-eabi/lib/thumb/v8-m.main+fp/softfp -L/usr/local/share/arm-gnu-toolchain-13.3.rel1-x86_64-arm-none-eabi/bin/../arm-none-eabi/lib/thumb/v8-m.main+fp/softfp -L/usr/local/share/arm-gnu-toolchain-13.3.rel1-x86_64-arm-none-eabi/bin/../lib/gcc/arm-none-eabi/13.3.1 -L/usr/local/share/arm-gnu-toolchain-13.3.rel1-x86_64-arm-none-eabi/bin/../lib/gcc -L/usr/local/share/arm-gnu-toolchain-13.3.rel1-x86_64-arm-none-eabi/bin/../lib/gcc/arm-none-eabi/13.3.1/../../../../arm-none-eabi/lib -L/usr/local/share/arm-gnu-toolchain-13.3.rel1-x86_64-arm-none-eabi/bin/../arm-none-eabi/lib --build-id=none CMakeFiles/cmTC_05877.dir/CMakeCXXCompilerABI.cpp.obj
/usr/local/share/arm-gnu-toolchain-13.3.rel1-x86_64-arm-none-eabi/bin/../lib/gcc/arm-none-eabi/13.3.1/../../../../arm-none-eabi/bin/ld: warning: cannot find entry symbol _start; defaulting to 00008000
COLLECT_GCC_OPTIONS='-mcpu=cortex-m33' '-mthumb'  '-mfloat-abi=softfp' '-mcmse' '-nostdlib' '-v' '-o' 'cmTC_05877.elf' '-mlibarch=armv8-m.main+dsp+fp' '-march=armv8-m.main+dsp+fp' '-dumpdir' 'cmTC_05877.elf.'
gmake[1]: Leaving directory '/home/totz45/labs/m4/DS3231/build/CMakeFiles/CMakeTmp'



Parsed CXX implicit include dir info from above output: rv=done
  found start of include info
  found start of implicit include info
    add: [/usr/local/share/arm-gnu-toolchain-13.3.rel1-x86_64-arm-none-eabi/bin/../lib/gcc/arm-none-eabi/13.3.1/../../../../arm-none-eabi/include/c++/13.3.1]
    add: [/usr/local/share/arm-gnu-toolchain-13.3.rel1-x86_64-arm-none-eabi/bin/../lib/gcc/arm-none-eabi/13.3.1/../../../../arm-none-eabi/include/c++/13.3.1/arm-none-eabi/thumb/v8-m.main+fp/softfp]
    add: [/usr/local/share/arm-gnu-toolchain-13.3.rel1-x86_64-arm-none-eabi/bin/../lib/gcc/arm-none-eabi/13.3.1/../../../../arm-none-eabi/include/c++/13.3.1/backward]
    add: [/usr/local/share/arm-gnu-toolchain-13.3.rel1-x86_64-arm-none-eabi/bin/../lib/gcc/arm-none-eabi/13.3.1/include]
    add: [/usr/local/share/arm-gnu-toolchain-13.3.rel1-x86_64-arm-none-eabi/bin/../lib/gcc/arm-none-eabi/13.3.1/include-fixed]
    add: [/usr/local/share/arm-gnu-toolchain-13.3.rel1-x86_64-arm-none-eabi/bin/../lib/gcc/arm-none-eabi/13.3.1/../../../../arm-none-eabi/include]
  end of search list found
  collapse include dir [/usr/local/share/arm-gnu-toolchain-13.3.rel1-x86_64-arm-none-eabi/bin/../lib/gcc/arm-none-eabi/13.3.1/../../../../arm-none-eabi/include/c++/13.3.1] ==> [/usr/local/share/arm-gnu-toolchain-13.3.rel1-x86_64-arm-none-eabi/arm-none-eabi/include/c++/13.3.1]
  collapse include dir [/usr/local/share/arm-gnu-toolchain-13.3.rel1-x86_64-arm-none-eabi/bin/../lib/gcc/arm-none-eabi/13.3.1/../../../../arm-none-eabi/include/c++/13.3.1/arm-none-eabi/thumb/v8-m.main+fp/softfp] ==> [/usr/local/share/arm-gnu-toolchain-13.3.rel1-x86_64-arm-none-eabi/arm-none-eabi/include/c++/13.3.1/arm-none-eabi/thumb/v8-m.main+fp/softfp]
  collapse include dir [/usr/local/share/arm-gnu-toolchain-13.3.rel1-x86_64-arm-none-eabi/bin/../lib/gcc/arm-none-eabi/13.3.1/../../../../arm-none-eabi/include/c++/13.3.1/backward] ==> [/usr/local/share/arm-gnu-toolchain-13.3.rel1-x86_64-arm-none-eabi/arm-none-eabi/include/c++/13.3.1/backward]
  collapse include dir [/usr/local/share/arm-gnu-toolchain-13.3.rel1-x86_64-arm-none-eabi/bin/../lib/gcc/arm-none-eabi/13.3.1/include] ==> [/usr/local/share/arm-gnu-toolchain-13.3.rel1-x86_64-arm-none-eabi/lib/gcc/arm-none-eabi/13.3.1/include]
  collapse include dir [/usr/local/share/arm-gnu-toolchain-13.3.rel1-x86_64-arm-none-eabi/bin/../lib/gcc/arm-none-eabi/13.3.1/include-fixed] ==> [/usr/local/share/arm-gnu-toolchain-13.3.rel1-x86_64-arm-none-eabi/lib/gcc/arm-none-eabi/13.3.1/include-fixed]
  collapse include dir [/usr/local/share/arm-gnu-toolchain-13.3.rel1-x86_64-arm-none-eabi/bin/../lib/gcc/arm-none-eabi/13.3.1/../../../../arm-none-eabi/include] ==> [/usr/local/share/arm-gnu-toolchain-13.3.rel1-x86_64-arm-none-eabi/arm-none-eabi/include]
  implicit include dirs: [/usr/local/share/arm-gnu-toolchain-13.3.rel1-x86_64-arm-none-eabi/arm-none-eabi/include/c++/13.3.1;/usr/local/share/arm-gnu-toolchain-13.3.rel1-x86_64-arm-none-eabi/arm-none-eabi/include/c++/13.3.1/arm-none-eabi/thumb/v8-m.main+fp/softfp;/usr/local/share/arm-gnu-toolchain-13.3.rel1-x86_64-arm-none-eabi/arm-none-eabi/include/c++/13.3.1/backward;/usr/local/share/arm-gnu-toolchain-13.3.rel1-x86_64-arm-none-eabi/lib/gcc/arm-none-eabi/13.3.1/include;/usr/local/share/arm-gnu-toolchain-13.3.rel1-x86_64-arm-none-eabi/lib/gcc/arm-none-eabi/13.3.1/include-fixed;/usr/local/share/arm-gnu-toolchain-13.3.rel1-x86_64-arm-none-eabi/arm-none-eabi/include]


Parsed CXX implicit link information from above output:
  link line regex: [^( *|.*[/\])(arm-none-eabi-ld|CMAKE_LINK_STARTFILE-NOTFOUND|([^/\]+-)?ld|collect2)[^/\]*( |$)]
  ignore line: [Change Dir: /home/totz45/labs/m4/DS3231/build/CMakeFiles/CMakeTmp]
  ignore line: []
  ignore line: [Run Build Command(s):/usr/bin/gmake -f Makefile cmTC_05877/fast && /usr/bin/gmake  -f CMakeFiles/cmTC_05877.dir/build.make CMakeFiles/cmTC_05877.dir/build]
  ignore line: [gmake[1]: Entering directory '/home/totz45/labs/m4/DS3231/build/CMakeFiles/CMakeTmp']
  ignore line: [Building CXX object CMakeFiles/cmTC_05877.dir/CMakeCXXCompilerABI.cpp.obj]
  ignore line: [/usr/local/share/arm-gnu-toolchain-13.3.rel1-x86_64-arm-none-eabi/bin/arm-none-eabi-g++   -mcpu=cortex-m33 -mthumb -march=armv8-m.main+fp+dsp -mfloat-abi=softfp -mcmse    -v -o CMakeFiles/cmTC_05877.dir/CMakeCXXCompilerABI.cpp.obj -c /usr/share/cmake-3.22/Modules/CMakeCXXCompilerABI.cpp]
  ignore line: [Using built-in specs.]
  ignore line: [COLLECT_GCC=/usr/local/share/arm-gnu-toolchain-13.3.rel1-x86_64-arm-none-eabi/bin/arm-none-eabi-g++]
  ignore line: [Target: arm-none-eabi]
  ignore line: [Configured with: /data/jenkins/workspace/GNU-toolchain/arm-13/src/gcc/configure --target=arm-none-eabi --prefix=/data/jenkins/workspace/GNU-toolchain/arm-13/build-arm-none-eabi/install --with-gmp=/data/jenkins/workspace/GNU-toolchain/arm-13/build-arm-none-eabi/host-tools --with-mpfr=/data/jenkins/workspace/GNU-toolchain/arm-13/build-arm-none-eabi/host-tools --with-mpc=/data/jenkins/workspace/GNU-toolchain/arm-13/build-arm-none-eabi/host-tools --with-isl=/data/jenkins/workspace/GNU-toolchain/arm-13/build-arm-none-eabi/host-tools --disable-shared --disable-nls --disable-threads --disable-tls --enable-checking=release --enable-languages=c,c++,fortran --with-newlib --with-gnu-as --with-headers=yes --with-gnu-ld --with-native-system-header-dir=/include --with-sysroot=/data/jenkins/workspace/GNU-toolchain/arm-13/build-arm-none-eabi/install/arm-none-eabi --with-multilib-list=aprofile,rmprofile --with-pkgversion='Arm GNU Toolchain 13.3.Rel1 (Build arm-13.24)' --with-bugurl=https://bugs.linaro.org/]
  ignore line: [Thread model: single]
  ignore line: [Supported LTO compression algorithms: zlib]
  ignore line: [gcc version 13.3.1 20240614 (Arm GNU Toolchain 13.3.Rel1 (Build arm-13.24)) ]
  ignore line: [COLLECT_GCC_OPTIONS='-mcpu=cortex-m33' '-mthumb'  '-mfloat-abi=softfp' '-mcmse' '-v' '-o' 'CMakeFiles/cmTC_05877.dir/CMakeCXXCompilerABI.cpp.obj' '-c' '-mlibarch=armv8-m.main+dsp+fp' '-march=armv8-m.main+dsp+fp' '-dumpdir' 'CMakeFiles/cmTC_05877.dir/']
  ignore line: [ /usr/local/share/arm-gnu-toolchain-13.3.rel1-x86_64-arm-none-eabi/bin/../libexec/gcc/arm-none-eabi/13.3.1/cc1plus -quiet -v -imultilib thumb/v8-m.main+fp/softfp -iprefix /usr/local/share/arm-gnu-toolchain-13.3.rel1-x86_64-arm-none-eabi/bin/../lib/gcc/arm-none-eabi/13.3.1/ -isysroot /usr/local/share/arm-gnu-toolchain-13.3.rel1-x86_64-arm-none-eabi/bin/../arm-none-eabi -D__USES_INITFINI__ /usr/share/cmake-3.22/Modules/CMakeCXXCompilerABI.cpp -quiet -dumpdir CMakeFiles/cmTC_05877.dir/ -dumpbase CMakeCXXCompilerABI.cpp.cpp -dumpbase-ext .cpp -mcpu=cortex-m33 -mthumb -mfloat-abi=softfp -mcmse -mlibarch=armv8-m.main+dsp+fp -march=armv8-m.main+dsp+fp -version -o /tmp/ccQzO8A2.s]
  ignore line: [GNU C++17 (Arm GNU Toolchain 13.3.Rel1 (Build arm-13.24)) version 13.3.1 20240614 (arm-none-eabi)]
  ignore line: [	compiled by GNU C version 4.8.5 20150623 (Red Hat 4.8.5-44)  GMP version 6.2.1  MPFR version 3.1.6  MPC version 1.0.3  isl version isl-0.15-1-g835ea3a-GMP]
  ignore line: []
  ignore line: [GGC heuristics: --param ggc-min-expand=100 --param ggc-min-heapsize=131072]
  ignore line: [ignoring duplicate directory "/usr/local/share/arm-gnu-toolchain-13.3.rel1-x86_64-arm-none-eabi/bin/../lib/gcc/../../lib/gcc/arm-none-eabi/13.3.1/../../../../arm-none-eabi/include/c++/13.3.1"]
  ignore line: [ignoring duplicate directory "/usr/local/share/arm-gnu-toolchain-13.3.rel1-x86_64-arm-none-eabi/bin/../lib/gcc/../../lib/gcc/arm-none-eabi/13.3.1/../../../../arm-none-eabi/include/c++/13.3.1/arm-none-eabi/thumb/v8-m.main+fp/softfp"]
  ignore line: [ignoring duplicate directory "/usr/local/share/arm-gnu-toolchain-13.3.rel1-x86_64-arm-none-eabi/bin/../lib/gcc/../../lib/gcc/arm-none-eabi/13.3.1/../../../../arm-none-eabi/include/c++/13.3.1/backward"]
  ignore line: [ignoring duplicate directory "/usr/local/share/arm-gnu-toolchain-13.3.rel1-x86_64-arm-none-eabi/bin/../lib/gcc/../../lib/gcc/arm-none-eabi/13.3.1/include"]
  ignore line: [ignoring nonexistent directory "/usr/local/share/arm-gnu-toolchain-13.3.rel1-x86_64-arm-none-eabi/bin/../arm-none-eabi/usr/local/include"]
  ignore line: [ignoring duplicate directory "/usr/local/share/arm-gnu-toolchain-13.3.rel1-x86_64-arm-none-eabi/bin/../lib/gcc/../../lib/gcc/arm-none-eabi/13.3.1/include-fixed"]
  ignore line: [ignoring duplicate directory "/usr/local/share/arm-gnu-toolchain-13.3.rel1-x86_64-arm-none-eabi/bin/../lib/gcc/../../lib/gcc/arm-none-eabi/13.3.1/../../../../arm-none-eabi/include"]
  ignore line: [ignoring duplicate directory "/usr/local/share/arm-gnu-toolchain-13.3.rel1-x86_64-arm-none-eabi/bin/../arm-none-eabi/include"]
  ignore line: [#include "..." search starts here:]
  ignore line: [#include <...> search starts here:]
  ignore line: [ /usr/local/share/arm-gnu-toolchain-13.3.rel1-x86_64-arm-none-eabi/bin/../lib/gcc/arm-none-eabi/13.3.1/../../../../arm-none-eabi/include/c++/13.3.1]
  ignore line: [ /usr/local/share/arm-gnu-toolchain-13.3.rel1-x86_64-arm-none-eabi/bin/../lib/gcc/arm-none-eabi/13.3.1/../../../../arm-none-eabi/include/c++/13.3.1/arm-none-eabi/thumb/v8-m.main+fp/softfp]
  ignore line: [ /usr/local/share/arm-gnu-toolchain-13.3.rel1-x86_64-arm-none-eabi/bin/../lib/gcc/arm-none-eabi/13.3.1/../../../../arm-none-eabi/include/c++/13.3.1/backward]
  ignore line: [ /usr/local/share/arm-gnu-toolchain-13.3.rel1-x86_64-arm-none-eabi/bin/../lib/gcc/arm-none-eabi/13.3.1/include]
  ignore line: [ /usr/local/share/arm-gnu-toolchain-13.3.rel1-x86_64-arm-none-eabi/bin/../lib/gcc/arm-none-eabi/13.3.1/include-fixed]
  ignore line: [ /usr/local/share/arm-gnu-toolchain-13.3.rel1-x86_64-arm-none-eabi/bin/../lib/gcc/arm-none-eabi/13.3.1/../../../../arm-none-eabi/include]
  ignore line: [End of search list.]
  ignore line: [Compiler executable checksum: 69c9079aa1e4c9516429742f1abb9d10]
  ignore line: [COLLECT_GCC_OPTIONS='-mcpu=cortex-m33' '-mthumb'  '-mfloat-abi=softfp' '-mcmse' '-v' '-o' 'CMakeFiles/cmTC_05877.dir/CMakeCXXCompilerABI.cpp.obj' '-c' '-mlibarch=armv8-m.main+dsp+fp' '-march=armv8-m.main+dsp+fp' '-dumpdir' 'CMakeFiles/cmTC_05877.dir/']
  ignore line: [ /usr/local/share/arm-gnu-toolchain-13.3.rel1-x86_64-arm-none-eabi/bin/../lib/gcc/arm-none-eabi/13.3.1/../../../../arm-none-eabi/bin/as -v -march=armv8-m.main+dsp+fp -mfloat-abi=softfp -meabi=5 -o CMakeFiles/cmTC_05877.dir/CMakeCXXCompilerABI.cpp.obj /tmp/ccQzO8A2.s]
  ignore line: [GNU assembler version 2.42.0 (arm-none-eabi) using BFD version (Arm GNU Toolchain 13.3.Rel1 (Build arm-13.24)) 2.42.0.20240614]
  ignore line: [COMPILER_PATH=/usr/local/share/arm-gnu-toolchain-13.3.rel1-x86_64-arm-none-eabi/bin/../libexec/gcc/arm-none-eabi/13.3.1/:/usr/local/share/arm-gnu-toolchain-13.3.rel1-x86_64-arm-none-eabi/bin/../libexec/gcc/:/usr/local/share/arm-gnu-toolchain-13.3.rel1-x86_64-arm-none-eabi/bin/../lib/gcc/arm-none-eabi/13.3.1/../../../../arm-none-eabi/bin/]
  ignore line: [LIBRARY_PATH=/usr/local/share/arm-gnu-toolchain-13.3.rel1-x86_64-arm-none-eabi/bin/../lib/gcc/arm-none-eabi/13.3.1/thumb/v8-m.main+fp/softfp/:/usr/local/share/arm-gnu-toolchain-13.3.rel1-x86_64-arm-none-eabi/bin/../lib/gcc/arm-none-eabi/13.3.1/../../../../arm-none-eabi/lib/thumb/v8-m.main+fp/softfp/:/usr/local/share/arm-gnu-toolchain-13.3.rel1-x86_64-arm-none-eabi/bin/../arm-none-eabi/lib/thumb/v8-m.main+fp/softfp/:/usr/local/share/arm-gnu-toolchain-13.3.rel1-x86_64-arm-none-eabi/bin/../lib/gcc/arm-none-eabi/13.3.1/:/usr/local/share/arm-gnu-toolchain-13.3.rel1-x86_64-arm-none-eabi/bin/../lib/gcc/:/usr/local/share/arm-gnu-toolchain-13.3.rel1-x86_64-arm-none-eabi/bin/../lib/gcc/arm-none-eabi/13.3.1/../../../../arm-none-eabi/lib/:/usr/local/share/arm-gnu-toolchain-13.3.rel1-x86_64-arm-none-eabi/bin/../arm-none-eabi/lib/]
  ignore line: [COLLECT_GCC_OPTIONS='-mcpu=cortex-m33' '-mthumb'  '-mfloat-abi=softfp' '-mcmse' '-v' '-o' 'CMakeFiles/cmTC_05877.dir/CMakeCXXCompilerABI.cpp.obj' '-c' '-mlibarch=armv8-m.main+dsp+fp' '-march=armv8-m.main+dsp+fp' '-dumpdir' 'CMakeFiles/cmTC_05877.dir/CMakeCXXCompilerABI.cpp.']
  ignore line: [Linking CXX executable cmTC_05877.elf]
  ignore line: [/usr/bin/cmake -E cmake_link_script CMakeFiles/cmTC_05877.dir/link.txt --verbose=1]
  ignore line: [/usr/local/share/arm-gnu-toolchain-13.3.rel1-x86_64-arm-none-eabi/bin/arm-none-eabi-g++ -mcpu=cortex-m33 -mthumb -march=armv8-m.main+fp+dsp -mfloat-abi=softfp -mcmse  -Wl --build-id=none -nostdlib  -v CMakeFiles/cmTC_05877.dir/CMakeCXXCompilerABI.cpp.obj -o cmTC_05877.elf ]
  ignore line: [Using built-in specs.]
  ignore line: [COLLECT_GCC=/usr/local/share/arm-gnu-toolchain-13.3.rel1-x86_64-arm-none-eabi/bin/arm-none-eabi-g++]
  ignore line: [COLLECT_LTO_WRAPPER=/usr/local/share/arm-gnu-toolchain-13.3.rel1-x86_64-arm-none-eabi/bin/../libexec/gcc/arm-none-eabi/13.3.1/lto-wrapper]
  ignore line: [Target: arm-none-eabi]
  ignore line: [Configured with: /data/jenkins/workspace/GNU-toolchain/arm-13/src/gcc/configure --target=arm-none-eabi --prefix=/data/jenkins/workspace/GNU-toolchain/arm-13/build-arm-none-eabi/install --with-gmp=/data/jenkins/workspace/GNU-toolchain/arm-13/build-arm-none-eabi/host-tools --with-mpfr=/data/jenkins/workspace/GNU-toolchain/arm-13/build-arm-none-eabi/host-tools --with-mpc=/data/jenkins/workspace/GNU-toolchain/arm-13/build-arm-none-eabi/host-tools --with-isl=/data/jenkins/workspace/GNU-toolchain/arm-13/build-arm-none-eabi/host-tools --disable-shared --disable-nls --disable-threads --disable-tls --enable-checking=release --enable-languages=c,c++,fortran --with-newlib --with-gnu-as --with-headers=yes --with-gnu-ld --with-native-system-header-dir=/include --with-sysroot=/data/jenkins/workspace/GNU-toolchain/arm-13/build-arm-none-eabi/install/arm-none-eabi --with-multilib-list=aprofile,rmprofile --with-pkgversion='Arm GNU Toolchain 13.3.Rel1 (Build arm-13.24)' --with-bugurl=https://bugs.linaro.org/]
  ignore line: [Thread model: single]
  ignore line: [Supported LTO compression algorithms: zlib]
  ignore line: [gcc version 13.3.1 20240614 (Arm GNU Toolchain 13.3.Rel1 (Build arm-13.24)) ]
  ignore line: [COMPILER_PATH=/usr/local/share/arm-gnu-toolchain-13.3.rel1-x86_64-arm-none-eabi/bin/../libexec/gcc/arm-none-eabi/13.3.1/:/usr/local/share/arm-gnu-toolchain-13.3.rel1-x86_64-arm-none-eabi/bin/../libexec/gcc/:/usr/local/share/arm-gnu-toolchain-13.3.rel1-x86_64-arm-none-eabi/bin/../lib/gcc/arm-none-eabi/13.3.1/../../../../arm-none-eabi/bin/]
  ignore line: [LIBRARY_PATH=/usr/local/share/arm-gnu-toolchain-13.3.rel1-x86_64-arm-none-eabi/bin/../lib/gcc/arm-none-eabi/13.3.1/thumb/v8-m.main+fp/softfp/:/usr/local/share/arm-gnu-toolchain-13.3.rel1-x86_64-arm-none-eabi/bin/../lib/gcc/arm-none-eabi/13.3.1/../../../../arm-none-eabi/lib/thumb/v8-m.main+fp/softfp/:/usr/local/share/arm-gnu-toolchain-13.3.rel1-x86_64-arm-none-eabi/bin/../arm-none-eabi/lib/thumb/v8-m.main+fp/softfp/:/usr/local/share/arm-gnu-toolchain-13.3.rel1-x86_64-arm-none-eabi/bin/../lib/gcc/arm-none-eabi/13.3.1/:/usr/local/share/arm-gnu-toolchain-13.3.rel1-x86_64-arm-none-eabi/bin/../lib/gcc/:/usr/local/share/arm-gnu-toolchain-13.3.rel1-x86_64-arm-none-eabi/bin/../lib/gcc/arm-none-eabi/13.3.1/../../../../arm-none-eabi/lib/:/usr/local/share/arm-gnu-toolchain-13.3.rel1-x86_64-arm-none-eabi/bin/../arm-none-eabi/lib/]
  ignore line: [COLLECT_GCC_OPTIONS='-mcpu=cortex-m33' '-mthumb'  '-mfloat-abi=softfp' '-mcmse' '-nostdlib' '-v' '-o' 'cmTC_05877.elf' '-mlibarch=armv8-m.main+dsp+fp' '-march=armv8-m.main+dsp+fp' '-dumpdir' 'cmTC_05877.elf.']
  link line: [ /usr/local/share/arm-gnu-toolchain-13.3.rel1-x86_64-arm-none-eabi/bin/../libexec/gcc/arm-none-eabi/13.3.1/collect2 -plugin /usr/local/share/arm-gnu-toolchain-13.3.rel1-x86_64-arm-none-eabi/bin/../libexec/gcc/arm-none-eabi/13.3.1/liblto_plugin.so -plugin-opt=/usr/local/share/arm-gnu-toolchain-13.3.rel1-x86_64-arm-none-eabi/bin/../libexec/gcc/arm-none-eabi/13.3.1/lto-wrapper -plugin-opt=-fresolution=/tmp/ccRejPN5.res --sysroot=/usr/local/share/arm-gnu-toolchain-13.3.rel1-x86_64-arm-none-eabi/bin/../arm-none-eabi -X -o cmTC_05877.elf -L/usr/local/share/arm-gnu-toolchain-13.3.rel1-x86_64-arm-none-eabi/bin/../lib/gcc/arm-none-eabi/13.3.1/thumb/v8-m.main+fp/softfp -L/usr/local/share/arm-gnu-toolchain-13.3.rel1-x86_64-arm-none-eabi/bin/../lib/gcc/arm-none-eabi/13.3.1/../../../../arm-none-eabi/lib/thumb/v8-m.main+fp/softfp -L/usr/local/share/arm-gnu-toolchain-13.3.rel1-x86_64-arm-none-eabi/bin/../arm-none-eabi/lib/thumb/v8-m.main+fp/softfp -L/usr/local/share/arm-gnu-toolchain-13.3.rel1-x86_64-arm-none-eabi/bin/../lib/gcc/arm-none-eabi/13.3.1 -L/usr/local/share/arm-gnu-toolchain-13.3.rel1-x86_64-arm-none-eabi/bin/../lib/gcc -L/usr/local/share/arm-gnu-toolchain-13.3.rel1-x86_64-arm-none-eabi/bin/../lib/gcc/arm-none-eabi/13.3.1/../../../../arm-none-eabi/lib -L/usr/local/share/arm-gnu-toolchain-13.3.rel1-x86_64-arm-none-eabi/bin/../arm-none-eabi/lib --build-id=none CMakeFiles/cmTC_05877.dir/CMakeCXXCompilerABI.cpp.obj]
    arg [/usr/local/share/arm-gnu-toolchain-13.3.rel1-x86_64-arm-none-eabi/bin/../libexec/gcc/arm-none-eabi/13.3.1/collect2] ==> ignore
    arg [-plugin] ==> ignore
    arg [/usr/local/share/arm-gnu-toolchain-13.3.rel1-x86_64-arm-none-eabi/bin/../libexec/gcc/arm-none-eabi/13.3.1/liblto_plugin.so] ==> ignore
    arg [-plugin-opt=/usr/local/share/arm-gnu-toolchain-13.3.rel1-x86_64-arm-none-eabi/bin/../libexec/gcc/arm-none-eabi/13.3.1/lto-wrapper] ==> ignore
    arg [-plugin-opt=-fresolution=/tmp/ccRejPN5.res] ==> ignore
    arg [--sysroot=/usr/local/share/arm-gnu-toolchain-13.3.rel1-x86_64-arm-none-eabi/bin/../arm-none-eabi] ==> ignore
    arg [-X] ==> ignore
    arg [-o] ==> ignore
    arg [cmTC_05877.elf] ==> ignore
    arg [-L/usr/local/share/arm-gnu-toolchain-13.3.rel1-x86_64-arm-none-eabi/bin/../lib/gcc/arm-none-eabi/13.3.1/thumb/v8-m.main+fp/softfp] ==> dir [/usr/local/share/arm-gnu-toolchain-13.3.rel1-x86_64-arm-none-eabi/bin/../lib/gcc/arm-none-eabi/13.3.1/thumb/v8-m.main+fp/softfp]
    arg [-L/usr/local/share/arm-gnu-toolchain-13.3.rel1-x86_64-arm-none-eabi/bin/../lib/gcc/arm-none-eabi/13.3.1/../../../../arm-none-eabi/lib/thumb/v8-m.main+fp/softfp] ==> dir [/usr/local/share/arm-gnu-toolchain-13.3.rel1-x86_64-arm-none-eabi/bin/../lib/gcc/arm-none-eabi/13.3.1/../../../../arm-none-eabi/lib/thumb/v8-m.main+fp/softfp]
    arg [-L/usr/local/share/arm-gnu-toolchain-13.3.rel1-x86_64-arm-none-eabi/bin/../arm-none-eabi/lib/thumb/v8-m.main+fp/softfp] ==> dir [/usr/local/share/arm-gnu-toolchain-13.3.rel1-x86_64-arm-none-eabi/bin/../arm-none-eabi/lib/thumb/v8-m.main+fp/softfp]
    arg [-L/usr/local/share/arm-gnu-toolchain-13.3.rel1-x86_64-arm-none-eabi/bin/../lib/gcc/arm-none-eabi/13.3.1] ==> dir [/usr/local/share/arm-gnu-toolchain-13.3.rel1-x86_64-arm-none-eabi/bin/../lib/gcc/arm-none-eabi/13.3.1]
    arg [-L/usr/local/share/arm-gnu-toolchain-13.3.rel1-x86_64-arm-none-eabi/bin/../lib/gcc] ==> dir [/usr/local/share/arm-gnu-toolchain-13.3.rel1-x86_64-arm-none-eabi/bin/../lib/gcc]
    arg [-L/usr/local/share/arm-gnu-toolchain-13.3.rel1-x86_64-arm-none-eabi/bin/../lib/gcc/arm-none-eabi/13.3.1/../../../../arm-none-eabi/lib] ==> dir [/usr/local/share/arm-gnu-toolchain-13.3.rel1-x86_64-arm-none-eabi/bin/../lib/gcc/arm-none-eabi/13.3.1/../../../../arm-none-eabi/lib]
    arg [-L/usr/local/share/arm-gnu-toolchain-13.3.rel1-x86_64-arm-none-eabi/bin/../arm-none-eabi/lib] ==> dir [/usr/local/share/arm-gnu-toolchain-13.3.rel1-x86_64-arm-none-eabi/bin/../arm-none-eabi/lib]
    arg [--build-id=none] ==> ignore
    arg [CMakeFiles/cmTC_05877.dir/CMakeCXXCompilerABI.cpp.obj] ==> ignore
  collapse library dir [/usr/local/share/arm-gnu-toolchain-13.3.rel1-x86_64-arm-none-eabi/bin/../lib/gcc/arm-none-eabi/13.3.1/thumb/v8-m.main+fp/softfp] ==> [/usr/local/share/arm-gnu-toolchain-13.3.rel1-x86_64-arm-none-eabi/lib/gcc/arm-none-eabi/13.3.1/thumb/v8-m.main+fp/softfp]
  collapse library dir [/usr/local/share/arm-gnu-toolchain-13.3.rel1-x86_64-arm-none-eabi/bin/../lib/gcc/arm-none-eabi/13.3.1/../../../../arm-none-eabi/lib/thumb/v8-m.main+fp/softfp] ==> [/usr/local/share/arm-gnu-toolchain-13.3.rel1-x86_64-arm-none-eabi/arm-none-eabi/lib/thumb/v8-m.main+fp/softfp]
  collapse library dir [/usr/local/share/arm-gnu-toolchain-13.3.rel1-x86_64-arm-none-eabi/bin/../arm-none-eabi/lib/thumb/v8-m.main+fp/softfp] ==> [/usr/local/share/arm-gnu-toolchain-13.3.rel1-x86_64-arm-none-eabi/arm-none-eabi/lib/thumb/v8-m.main+fp/softfp]
  collapse library dir [/usr/local/share/arm-gnu-toolchain-13.3.rel1-x86_64-arm-none-eabi/bin/../lib/gcc/arm-none-eabi/13.3.1] ==> [/usr/local/share/arm-gnu-toolchain-13.3.rel1-x86_64-arm-none-eabi/lib/gcc/arm-none-eabi/13.3.1]
  collapse library dir [/usr/local/share/arm-gnu-toolchain-13.3.rel1-x86_64-arm-none-eabi/bin/../lib/gcc] ==> [/usr/local/share/arm-gnu-toolchain-13.3.rel1-x86_64-arm-none-eabi/lib/gcc]
  collapse library dir [/usr/local/share/arm-gnu-toolchain-13.3.rel1-x86_64-arm-none-eabi/bin/../lib/gcc/arm-none-eabi/13.3.1/../../../../arm-none-eabi/lib] ==> [/usr/local/share/arm-gnu-toolchain-13.3.rel1-x86_64-arm-none-eabi/arm-none-eabi/lib]
  collapse library dir [/usr/local/share/arm-gnu-toolchain-13.3.rel1-x86_64-arm-none-eabi/bin/../arm-none-eabi/lib] ==> [/usr/local/share/arm-gnu-toolchain-13.3.rel1-x86_64-arm-none-eabi/arm-none-eabi/lib]
  implicit libs: []
  implicit objs: []
  implicit dirs: [/usr/local/share/arm-gnu-toolchain-13.3.rel1-x86_64-arm-none-eabi/lib/gcc/arm-none-eabi/13.3.1/thumb/v8-m.main+fp/softfp;/usr/local/share/arm-gnu-toolchain-13.3.rel1-x86_64-arm-none-eabi/arm-none-eabi/lib/thumb/v8-m.main+fp/softfp;/usr/local/share/arm-gnu-toolchain-13.3.rel1-x86_64-arm-none-eabi/lib/gcc/arm-none-eabi/13.3.1;/usr/local/share/arm-gnu-toolchain-13.3.rel1-x86_64-arm-none-eabi/lib/gcc;/usr/local/share/arm-gnu-toolchain-13.3.rel1-x86_64-arm-none-eabi/arm-none-eabi/lib]
  implicit fwks: []


Checking whether the ASM compiler is GNU using "--version" matched "(GNU assembler)|(GCC)|(Free Software Foundation)":
arm-none-eabi-gcc (Arm GNU Toolchain 13.3.Rel1 (Build arm-13.24)) 13.3.1 20240614
Copyright (C) 2023 Free Software Foundation, Inc.
This is free software; see the source for copying conditions.  There is NO
warranty; not even for MERCHANTABILITY or FITNESS FOR A PARTICULAR PURPOSE.

