Analysis & Synthesis report for hw4p1
Sun Mar 10 12:26:16 2024
Quartus Prime Version 21.1.1 Build 850 06/23/2022 SJ Lite Edition


---------------------
; Table of Contents ;
---------------------
  1. Legal Notice
  2. Analysis & Synthesis Summary
  3. Analysis & Synthesis Settings
  4. Parallel Compilation
  5. Analysis & Synthesis Source Files Read
  6. Analysis & Synthesis Resource Usage Summary
  7. Analysis & Synthesis Resource Utilization by Entity
  8. General Register Statistics
  9. Multiplexer Restructuring Statistics (Restructuring Performed)
 10. Post-Synthesis Netlist Statistics for Top Partition
 11. Elapsed Time Per Partition
 12. Analysis & Synthesis Messages



----------------
; Legal Notice ;
----------------
Copyright (C) 2022  Intel Corporation. All rights reserved.
Your use of Intel Corporation's design tools, logic functions 
and other software and tools, and any partner logic 
functions, and any output files from any of the foregoing 
(including device programming or simulation files), and any 
associated documentation or information are expressly subject 
to the terms and conditions of the Intel Program License 
Subscription Agreement, the Intel Quartus Prime License Agreement,
the Intel FPGA IP License Agreement, or other applicable license
agreement, including, without limitation, that your use is for
the sole purpose of programming logic devices manufactured by
Intel and sold by Intel or its authorized distributors.  Please
refer to the applicable agreement for further details, at
https://fpgasoftware.intel.com/eula.



+----------------------------------------------------------------------------------+
; Analysis & Synthesis Summary                                                     ;
+------------------------------------+---------------------------------------------+
; Analysis & Synthesis Status        ; Successful - Sun Mar 10 12:26:16 2024       ;
; Quartus Prime Version              ; 21.1.1 Build 850 06/23/2022 SJ Lite Edition ;
; Revision Name                      ; hw4p1                                       ;
; Top-level Entity Name              ; hw4p1                                       ;
; Family                             ; MAX 10                                      ;
; Total logic elements               ; 5                                           ;
;     Total combinational functions  ; 5                                           ;
;     Dedicated logic registers      ; 0                                           ;
; Total registers                    ; 0                                           ;
; Total pins                         ; 8                                           ;
; Total virtual pins                 ; 0                                           ;
; Total memory bits                  ; 0                                           ;
; Embedded Multiplier 9-bit elements ; 0                                           ;
; Total PLLs                         ; 0                                           ;
; UFM blocks                         ; 0                                           ;
; ADC blocks                         ; 0                                           ;
+------------------------------------+---------------------------------------------+


+------------------------------------------------------------------------------------------------------------+
; Analysis & Synthesis Settings                                                                              ;
+------------------------------------------------------------------+--------------------+--------------------+
; Option                                                           ; Setting            ; Default Value      ;
+------------------------------------------------------------------+--------------------+--------------------+
; Device                                                           ; 10M50DAF484C7G     ;                    ;
; Top-level entity name                                            ; hw4p1              ; hw4p1              ;
; Family name                                                      ; MAX 10             ; Cyclone V          ;
; Use smart compilation                                            ; Off                ; Off                ;
; Enable parallel Assembler and Timing Analyzer during compilation ; On                 ; On                 ;
; Enable compact report table                                      ; Off                ; Off                ;
; Restructure Multiplexers                                         ; Auto               ; Auto               ;
; Create Debugging Nodes for IP Cores                              ; Off                ; Off                ;
; Preserve fewer node names                                        ; On                 ; On                 ;
; Intel FPGA IP Evaluation Mode                                    ; Enable             ; Enable             ;
; Verilog Version                                                  ; Verilog_2001       ; Verilog_2001       ;
; VHDL Version                                                     ; VHDL_1993          ; VHDL_1993          ;
; State Machine Processing                                         ; Auto               ; Auto               ;
; Safe State Machine                                               ; Off                ; Off                ;
; Extract Verilog State Machines                                   ; On                 ; On                 ;
; Extract VHDL State Machines                                      ; On                 ; On                 ;
; Ignore Verilog initial constructs                                ; Off                ; Off                ;
; Iteration limit for constant Verilog loops                       ; 5000               ; 5000               ;
; Iteration limit for non-constant Verilog loops                   ; 250                ; 250                ;
; Add Pass-Through Logic to Inferred RAMs                          ; On                 ; On                 ;
; Infer RAMs from Raw Logic                                        ; On                 ; On                 ;
; Parallel Synthesis                                               ; On                 ; On                 ;
; DSP Block Balancing                                              ; Auto               ; Auto               ;
; NOT Gate Push-Back                                               ; On                 ; On                 ;
; Power-Up Don't Care                                              ; On                 ; On                 ;
; Remove Redundant Logic Cells                                     ; Off                ; Off                ;
; Remove Duplicate Registers                                       ; On                 ; On                 ;
; Ignore CARRY Buffers                                             ; Off                ; Off                ;
; Ignore CASCADE Buffers                                           ; Off                ; Off                ;
; Ignore GLOBAL Buffers                                            ; Off                ; Off                ;
; Ignore ROW GLOBAL Buffers                                        ; Off                ; Off                ;
; Ignore LCELL Buffers                                             ; Off                ; Off                ;
; Ignore SOFT Buffers                                              ; On                 ; On                 ;
; Limit AHDL Integers to 32 Bits                                   ; Off                ; Off                ;
; Optimization Technique                                           ; Balanced           ; Balanced           ;
; Carry Chain Length                                               ; 70                 ; 70                 ;
; Auto Carry Chains                                                ; On                 ; On                 ;
; Auto Open-Drain Pins                                             ; On                 ; On                 ;
; Perform WYSIWYG Primitive Resynthesis                            ; Off                ; Off                ;
; Auto ROM Replacement                                             ; On                 ; On                 ;
; Auto RAM Replacement                                             ; On                 ; On                 ;
; Auto DSP Block Replacement                                       ; On                 ; On                 ;
; Auto Shift Register Replacement                                  ; Auto               ; Auto               ;
; Allow Shift Register Merging across Hierarchies                  ; Auto               ; Auto               ;
; Auto Clock Enable Replacement                                    ; On                 ; On                 ;
; Strict RAM Replacement                                           ; Off                ; Off                ;
; Allow Synchronous Control Signals                                ; On                 ; On                 ;
; Force Use of Synchronous Clear Signals                           ; Off                ; Off                ;
; Auto RAM Block Balancing                                         ; On                 ; On                 ;
; Auto RAM to Logic Cell Conversion                                ; Off                ; Off                ;
; Auto Resource Sharing                                            ; Off                ; Off                ;
; Allow Any RAM Size For Recognition                               ; Off                ; Off                ;
; Allow Any ROM Size For Recognition                               ; Off                ; Off                ;
; Allow Any Shift Register Size For Recognition                    ; Off                ; Off                ;
; Use LogicLock Constraints during Resource Balancing              ; On                 ; On                 ;
; Ignore translate_off and synthesis_off directives                ; Off                ; Off                ;
; Timing-Driven Synthesis                                          ; On                 ; On                 ;
; Report Parameter Settings                                        ; On                 ; On                 ;
; Report Source Assignments                                        ; On                 ; On                 ;
; Report Connectivity Checks                                       ; On                 ; On                 ;
; Ignore Maximum Fan-Out Assignments                               ; Off                ; Off                ;
; Synchronization Register Chain Length                            ; 2                  ; 2                  ;
; Power Optimization During Synthesis                              ; Normal compilation ; Normal compilation ;
; HDL message level                                                ; Level2             ; Level2             ;
; Suppress Register Optimization Related Messages                  ; Off                ; Off                ;
; Number of Removed Registers Reported in Synthesis Report         ; 5000               ; 5000               ;
; Number of Swept Nodes Reported in Synthesis Report               ; 5000               ; 5000               ;
; Number of Inverted Registers Reported in Synthesis Report        ; 100                ; 100                ;
; Clock MUX Protection                                             ; On                 ; On                 ;
; Auto Gated Clock Conversion                                      ; Off                ; Off                ;
; Block Design Naming                                              ; Auto               ; Auto               ;
; SDC constraint protection                                        ; Off                ; Off                ;
; Synthesis Effort                                                 ; Auto               ; Auto               ;
; Shift Register Replacement - Allow Asynchronous Clear Signal     ; On                 ; On                 ;
; Pre-Mapping Resynthesis Optimization                             ; Off                ; Off                ;
; Analysis & Synthesis Message Level                               ; Medium             ; Medium             ;
; Disable Register Merging Across Hierarchies                      ; Auto               ; Auto               ;
; Resource Aware Inference For Block RAM                           ; On                 ; On                 ;
+------------------------------------------------------------------+--------------------+--------------------+


+------------------------------------------+
; Parallel Compilation                     ;
+----------------------------+-------------+
; Processors                 ; Number      ;
+----------------------------+-------------+
; Number detected on machine ; 8           ;
; Maximum allowed            ; 4           ;
;                            ;             ;
; Average used               ; 1.00        ;
; Maximum used               ; 1           ;
;                            ;             ;
; Usage by Processor         ; % Time Used ;
;     Processor 1            ; 100.0%      ;
+----------------------------+-------------+


+-----------------------------------------------------------------------------------------------------------------------------------------+
; Analysis & Synthesis Source Files Read                                                                                                  ;
+----------------------------------+-----------------+-----------------+--------------------------------------------------------+---------+
; File Name with User-Entered Path ; Used in Netlist ; File Type       ; File Name with Absolute Path                           ; Library ;
+----------------------------------+-----------------+-----------------+--------------------------------------------------------+---------+
; hw4p1.vhd                        ; yes             ; User VHDL File  ; C:/ECE3140_DSD/Tate_Finley_Hw4/Problem_1/hw4p1.vhd     ;         ;
; hw3p42.vhd                       ; yes             ; User VHDL File  ; C:/ECE3140_DSD/Tate_Finley_Hw4/Problem_1/hw3p42.vhd    ;         ;
; my_Output.vhd                    ; yes             ; User VHDL File  ; C:/ECE3140_DSD/Tate_Finley_Hw4/Problem_1/my_Output.vhd ;         ;
+----------------------------------+-----------------+-----------------+--------------------------------------------------------+---------+


+------------------------------------------------------------+
; Analysis & Synthesis Resource Usage Summary                ;
+---------------------------------------------+--------------+
; Resource                                    ; Usage        ;
+---------------------------------------------+--------------+
; Estimated Total logic elements              ; 5            ;
;                                             ;              ;
; Total combinational functions               ; 5            ;
; Logic element usage by number of LUT inputs ;              ;
;     -- 4 input functions                    ; 3            ;
;     -- 3 input functions                    ; 0            ;
;     -- <=2 input functions                  ; 2            ;
;                                             ;              ;
; Logic elements by mode                      ;              ;
;     -- normal mode                          ; 5            ;
;     -- arithmetic mode                      ; 0            ;
;                                             ;              ;
; Total registers                             ; 0            ;
;     -- Dedicated logic registers            ; 0            ;
;     -- I/O registers                        ; 0            ;
;                                             ;              ;
; I/O pins                                    ; 8            ;
;                                             ;              ;
; Embedded Multiplier 9-bit elements          ; 0            ;
;                                             ;              ;
; Maximum fan-out node                        ; KEY[1]~input ;
; Maximum fan-out                             ; 3            ;
; Total fan-out                               ; 26           ;
; Average fan-out                             ; 1.24         ;
+---------------------------------------------+--------------+


+------------------------------------------------------------------------------------------------------------------------------------------------------------------------------------------------------------------------------------+
; Analysis & Synthesis Resource Utilization by Entity                                                                                                                                                                                ;
+----------------------------+---------------------+---------------------------+-------------+------------+--------------+---------+-----------+------+--------------+------------+---------------------+-------------+--------------+
; Compilation Hierarchy Node ; Combinational ALUTs ; Dedicated Logic Registers ; Memory Bits ; UFM Blocks ; DSP Elements ; DSP 9x9 ; DSP 18x18 ; Pins ; Virtual Pins ; ADC blocks ; Full Hierarchy Name ; Entity Name ; Library Name ;
+----------------------------+---------------------+---------------------------+-------------+------------+--------------+---------+-----------+------+--------------+------------+---------------------+-------------+--------------+
; |hw4p1                     ; 5 (5)               ; 0 (0)                     ; 0           ; 0          ; 0            ; 0       ; 0         ; 8    ; 0            ; 0          ; |hw4p1              ; hw4p1       ; work         ;
+----------------------------+---------------------+---------------------------+-------------+------------+--------------+---------+-----------+------+--------------+------------+---------------------+-------------+--------------+
Note: For table entries with two numbers listed, the numbers in parentheses indicate the number of resources of the given type used by the specific entity alone. The numbers listed outside of parentheses indicate the total resources of the given type used by the specific entity and all of its sub-entities in the hierarchy.


+------------------------------------------------------+
; General Register Statistics                          ;
+----------------------------------------------+-------+
; Statistic                                    ; Value ;
+----------------------------------------------+-------+
; Total registers                              ; 0     ;
; Number of registers using Synchronous Clear  ; 0     ;
; Number of registers using Synchronous Load   ; 0     ;
; Number of registers using Asynchronous Clear ; 0     ;
; Number of registers using Asynchronous Load  ; 0     ;
; Number of registers using Clock Enable       ; 0     ;
; Number of registers using Preset             ; 0     ;
+----------------------------------------------+-------+


+------------------------------------------------------------------------------------------------------------------------------------------+
; Multiplexer Restructuring Statistics (Restructuring Performed)                                                                           ;
+--------------------+-----------+---------------+----------------------+------------------------+------------+----------------------------+
; Multiplexer Inputs ; Bus Width ; Baseline Area ; Area if Restructured ; Saving if Restructured ; Registered ; Example Multiplexer Output ;
+--------------------+-----------+---------------+----------------------+------------------------+------------+----------------------------+
; 3:1                ; 2 bits    ; 4 LEs         ; 4 LEs                ; 0 LEs                  ; No         ; |hw4p1|LEDR0               ;
+--------------------+-----------+---------------+----------------------+------------------------+------------+----------------------------+


+-----------------------------------------------------+
; Post-Synthesis Netlist Statistics for Top Partition ;
+-----------------------+-----------------------------+
; Type                  ; Count                       ;
+-----------------------+-----------------------------+
; boundary_port         ; 8                           ;
; cycloneiii_lcell_comb ; 5                           ;
;     normal            ; 5                           ;
;         2 data inputs ; 2                           ;
;         4 data inputs ; 3                           ;
;                       ;                             ;
; Max LUT depth         ; 2.00                        ;
; Average LUT depth     ; 1.91                        ;
+-----------------------+-----------------------------+


+-------------------------------+
; Elapsed Time Per Partition    ;
+----------------+--------------+
; Partition Name ; Elapsed Time ;
+----------------+--------------+
; Top            ; 00:00:00     ;
+----------------+--------------+


+-------------------------------+
; Analysis & Synthesis Messages ;
+-------------------------------+
Info: *******************************************************************
Info: Running Quartus Prime Analysis & Synthesis
    Info: Version 21.1.1 Build 850 06/23/2022 SJ Lite Edition
    Info: Processing started: Sun Mar 10 12:26:06 2024
Info: Command: quartus_map --read_settings_files=on --write_settings_files=off hw4p1 -c hw4p1
Warning (18236): Number of processors has not been specified which may cause overloading on shared machines.  Set the global assignment NUM_PARALLEL_PROCESSORS in your QSF to an appropriate value for best performance.
Info (20030): Parallel compilation is enabled and will use 4 of the 4 processors detected
Info (12021): Found 2 design units, including 1 entities, in source file hw4p1.vhd
    Info (12022): Found design unit 1: hw4p1-behavioral File: C:/ECE3140_DSD/Tate_Finley_Hw4/Problem_1/hw4p1.vhd Line: 24
    Info (12023): Found entity 1: hw4p1 File: C:/ECE3140_DSD/Tate_Finley_Hw4/Problem_1/hw4p1.vhd Line: 17
Info (12021): Found 2 design units, including 1 entities, in source file hw3p42.vhd
    Info (12022): Found design unit 1: hw3p42-Logic42 File: C:/ECE3140_DSD/Tate_Finley_Hw4/Problem_1/hw3p42.vhd Line: 32
    Info (12023): Found entity 1: hw3p42 File: C:/ECE3140_DSD/Tate_Finley_Hw4/Problem_1/hw3p42.vhd Line: 19
Info (12021): Found 24 design units, including 12 entities, in source file my_output.vhd
    Info (12022): Found design unit 1: my_Output-LogicOut File: C:/ECE3140_DSD/Tate_Finley_Hw4/Problem_1/my_Output.vhd Line: 19
    Info (12022): Found design unit 2: my_Inv-LogicInv File: C:/ECE3140_DSD/Tate_Finley_Hw4/Problem_1/my_Output.vhd Line: 36
    Info (12022): Found design unit 3: my_And2-LogicAnd2 File: C:/ECE3140_DSD/Tate_Finley_Hw4/Problem_1/my_Output.vhd Line: 53
    Info (12022): Found design unit 4: my_And3-LogicAnd3 File: C:/ECE3140_DSD/Tate_Finley_Hw4/Problem_1/my_Output.vhd Line: 70
    Info (12022): Found design unit 5: my_And4-LogicAnd4 File: C:/ECE3140_DSD/Tate_Finley_Hw4/Problem_1/my_Output.vhd Line: 87
    Info (12022): Found design unit 6: my_Nand2-LogicNand2 File: C:/ECE3140_DSD/Tate_Finley_Hw4/Problem_1/my_Output.vhd Line: 104
    Info (12022): Found design unit 7: my_Or2-LogicOr2 File: C:/ECE3140_DSD/Tate_Finley_Hw4/Problem_1/my_Output.vhd Line: 121
    Info (12022): Found design unit 8: my_Or3-LogicOr3 File: C:/ECE3140_DSD/Tate_Finley_Hw4/Problem_1/my_Output.vhd Line: 138
    Info (12022): Found design unit 9: my_Or4-LogicOr4 File: C:/ECE3140_DSD/Tate_Finley_Hw4/Problem_1/my_Output.vhd Line: 155
    Info (12022): Found design unit 10: my_Xor2-LogicXor2 File: C:/ECE3140_DSD/Tate_Finley_Hw4/Problem_1/my_Output.vhd Line: 172
    Info (12022): Found design unit 11: my_Xor3-LogicXor3 File: C:/ECE3140_DSD/Tate_Finley_Hw4/Problem_1/my_Output.vhd Line: 189
    Info (12022): Found design unit 12: my_Xor4-LogicXor4 File: C:/ECE3140_DSD/Tate_Finley_Hw4/Problem_1/my_Output.vhd Line: 206
    Info (12023): Found entity 1: my_Output File: C:/ECE3140_DSD/Tate_Finley_Hw4/Problem_1/my_Output.vhd Line: 14
    Info (12023): Found entity 2: my_Inv File: C:/ECE3140_DSD/Tate_Finley_Hw4/Problem_1/my_Output.vhd Line: 31
    Info (12023): Found entity 3: my_And2 File: C:/ECE3140_DSD/Tate_Finley_Hw4/Problem_1/my_Output.vhd Line: 48
    Info (12023): Found entity 4: my_And3 File: C:/ECE3140_DSD/Tate_Finley_Hw4/Problem_1/my_Output.vhd Line: 65
    Info (12023): Found entity 5: my_And4 File: C:/ECE3140_DSD/Tate_Finley_Hw4/Problem_1/my_Output.vhd Line: 82
    Info (12023): Found entity 6: my_Nand2 File: C:/ECE3140_DSD/Tate_Finley_Hw4/Problem_1/my_Output.vhd Line: 99
    Info (12023): Found entity 7: my_Or2 File: C:/ECE3140_DSD/Tate_Finley_Hw4/Problem_1/my_Output.vhd Line: 116
    Info (12023): Found entity 8: my_Or3 File: C:/ECE3140_DSD/Tate_Finley_Hw4/Problem_1/my_Output.vhd Line: 133
    Info (12023): Found entity 9: my_Or4 File: C:/ECE3140_DSD/Tate_Finley_Hw4/Problem_1/my_Output.vhd Line: 150
    Info (12023): Found entity 10: my_Xor2 File: C:/ECE3140_DSD/Tate_Finley_Hw4/Problem_1/my_Output.vhd Line: 167
    Info (12023): Found entity 11: my_Xor3 File: C:/ECE3140_DSD/Tate_Finley_Hw4/Problem_1/my_Output.vhd Line: 184
    Info (12023): Found entity 12: my_Xor4 File: C:/ECE3140_DSD/Tate_Finley_Hw4/Problem_1/my_Output.vhd Line: 201
Info (12127): Elaborating entity "hw4p1" for the top level hierarchy
Info (12128): Elaborating entity "hw3p42" for hierarchy "hw3p42:DUT0" File: C:/ECE3140_DSD/Tate_Finley_Hw4/Problem_1/hw4p1.vhd Line: 68
Info (12128): Elaborating entity "my_Inv" for hierarchy "hw3p42:DUT0|my_Inv:U0" File: C:/ECE3140_DSD/Tate_Finley_Hw4/Problem_1/hw3p42.vhd Line: 57
Info (12128): Elaborating entity "my_And2" for hierarchy "hw3p42:DUT0|my_And2:U1" File: C:/ECE3140_DSD/Tate_Finley_Hw4/Problem_1/hw3p42.vhd Line: 58
Info (12128): Elaborating entity "my_Nand2" for hierarchy "hw3p42:DUT0|my_Nand2:U2" File: C:/ECE3140_DSD/Tate_Finley_Hw4/Problem_1/hw3p42.vhd Line: 59
Info (12128): Elaborating entity "my_Or2" for hierarchy "hw3p42:DUT0|my_Or2:U4" File: C:/ECE3140_DSD/Tate_Finley_Hw4/Problem_1/hw3p42.vhd Line: 61
Info (286030): Timing-Driven Synthesis is running
Info (16010): Generating hard_block partition "hard_block:auto_generated_inst"
    Info (16011): Adding 0 node(s), including 0 DDIO, 0 PLL, 0 transceiver and 0 LCELL
Info (21057): Implemented 13 device resources after synthesis - the final resource count might be different
    Info (21058): Implemented 6 input pins
    Info (21059): Implemented 2 output pins
    Info (21061): Implemented 5 logic cells
Info: Quartus Prime Analysis & Synthesis was successful. 0 errors, 1 warning
    Info: Peak virtual memory: 4814 megabytes
    Info: Processing ended: Sun Mar 10 12:26:16 2024
    Info: Elapsed time: 00:00:10
    Info: Total CPU time (on all processors): 00:00:09


